     1 00000000                                 [FORMAT "WCOFF"]
     2 00000000                                 [INSTRSET "i486p"]
     3 00000000                                 [OPTIMIZE 1]
     4 00000000                                 [OPTION 1]
     5 00000000                                 [BITS 32]
     6 00000000                                 	EXTERN	_io_load_eflags
     7 00000000                                 	EXTERN	_io_cli
     8 00000000                                 	EXTERN	_io_out8
     9 00000000                                 	EXTERN	_io_store_eflags
    10 00000000                                 	EXTERN	_charlib
    11 00000000                                 [FILE "graphic.c"]
    12                                          [SECTION .text]
    13 00000000                                 _set_palette:
    14 00000000 55                              	PUSH	EBP
    15 00000001 89 E5                           	MOV	EBP,ESP
    16 00000003 57                              	PUSH	EDI
    17 00000004 56                              	PUSH	ESI
    18 00000005 53                              	PUSH	EBX
    19 00000006 51                              	PUSH	ECX
    20 00000007 8B 5D 08                        	MOV	EBX,DWORD [8+EBP]
    21 0000000A 8B 7D 0C                        	MOV	EDI,DWORD [12+EBP]
    22 0000000D 8B 75 10                        	MOV	ESI,DWORD [16+EBP]
    23 00000010 E8 [00000000]                   	CALL	_io_load_eflags
    24 00000015 89 45 F0                        	MOV	DWORD [-16+EBP],EAX
    25 00000018 E8 [00000000]                   	CALL	_io_cli
    26 0000001D 53                              	PUSH	EBX
    27 0000001E 68 000003C8                     	PUSH	968
    28 00000023 E8 [00000000]                   	CALL	_io_out8
    29 00000028 39 FB                           	CMP	EBX,EDI
    30 0000002A 58                              	POP	EAX
    31 0000002B 5A                              	POP	EDX
    32 0000002C 7E 12                           	JLE	L6
    33 0000002E                                 L8:
    34 0000002E 8B 45 F0                        	MOV	EAX,DWORD [-16+EBP]
    35 00000031 89 45 08                        	MOV	DWORD [8+EBP],EAX
    36 00000034 8D 65 F4                        	LEA	ESP,DWORD [-12+EBP]
    37 00000037 5B                              	POP	EBX
    38 00000038 5E                              	POP	ESI
    39 00000039 5F                              	POP	EDI
    40 0000003A 5D                              	POP	EBP
    41 0000003B E9 [00000000]                   	JMP	_io_store_eflags
    42 00000040                                 L6:
    43 00000040 8A 06                           	MOV	AL,BYTE [ESI]
    44 00000042 43                              	INC	EBX
    45 00000043 C0 E8 02                        	SHR	AL,2
    46 00000046 0F B6 C0                        	MOVZX	EAX,AL
    47 00000049 50                              	PUSH	EAX
    48 0000004A 68 000003C9                     	PUSH	969
    49 0000004F E8 [00000000]                   	CALL	_io_out8
    50 00000054 8A 46 01                        	MOV	AL,BYTE [1+ESI]
    51 00000057 C0 E8 02                        	SHR	AL,2
    52 0000005A 0F B6 C0                        	MOVZX	EAX,AL
    53 0000005D 50                              	PUSH	EAX
    54 0000005E 68 000003C9                     	PUSH	969
    55 00000063 E8 [00000000]                   	CALL	_io_out8
    56 00000068 8A 46 02                        	MOV	AL,BYTE [2+ESI]
    57 0000006B C0 E8 02                        	SHR	AL,2
    58 0000006E 83 C6 03                        	ADD	ESI,3
    59 00000071 0F B6 C0                        	MOVZX	EAX,AL
    60 00000074 50                              	PUSH	EAX
    61 00000075 68 000003C9                     	PUSH	969
    62 0000007A E8 [00000000]                   	CALL	_io_out8
    63 0000007F 83 C4 18                        	ADD	ESP,24
    64 00000082 39 FB                           	CMP	EBX,EDI
    65 00000084 7E BA                           	JLE	L6
    66 00000086 EB A6                           	JMP	L8
    67                                          [SECTION .data]
    68 00000000                                 _s_table_rgb.0:
    69 00000000 00                              	DB	0
    70 00000001 00                              	DB	0
    71 00000002 00                              	DB	0
    72 00000003 FF                              	DB	-1
    73 00000004 00                              	DB	0
    74 00000005 00                              	DB	0
    75 00000006 00                              	DB	0
    76 00000007 FF                              	DB	-1
    77 00000008 00                              	DB	0
    78 00000009 FF                              	DB	-1
    79 0000000A FF                              	DB	-1
    80 0000000B 00                              	DB	0
    81 0000000C 00                              	DB	0
    82 0000000D 00                              	DB	0
    83 0000000E FF                              	DB	-1
    84 0000000F FF                              	DB	-1
    85 00000010 00                              	DB	0
    86 00000011 FF                              	DB	-1
    87 00000012 00                              	DB	0
    88 00000013 FF                              	DB	-1
    89 00000014 FF                              	DB	-1
    90 00000015 FF                              	DB	-1
    91 00000016 FF                              	DB	-1
    92 00000017 FF                              	DB	-1
    93 00000018 C6                              	DB	-58
    94 00000019 C6                              	DB	-58
    95 0000001A C6                              	DB	-58
    96 0000001B 84                              	DB	-124
    97 0000001C 00                              	DB	0
    98 0000001D 00                              	DB	0
    99 0000001E 00                              	DB	0
   100 0000001F 84                              	DB	-124
   101 00000020 00                              	DB	0
   102 00000021 84                              	DB	-124
   103 00000022 84                              	DB	-124
   104 00000023 00                              	DB	0
   105 00000024 00                              	DB	0
   106 00000025 00                              	DB	0
   107 00000026 84                              	DB	-124
   108 00000027 84                              	DB	-124
   109 00000028 00                              	DB	0
   110 00000029 84                              	DB	-124
   111 0000002A 00                              	DB	0
   112 0000002B 84                              	DB	-124
   113 0000002C 84                              	DB	-124
   114 0000002D 84                              	DB	-124
   115 0000002E 84                              	DB	-124
   116 0000002F 84                              	DB	-124
   117                                          [SECTION .text]
   118 00000088                                 	GLOBAL	_init_palette
   119 00000088                                 _init_palette:
   120 00000088 55                              	PUSH	EBP
   121 00000089 89 E5                           	MOV	EBP,ESP
   122 0000008B 68 [00000000]                   	PUSH	_s_table_rgb.0
   123 00000090 6A 0F                           	PUSH	15
   124 00000092 6A 00                           	PUSH	0
   125 00000094 E8 FFFFFF67                     	CALL	_set_palette
   126 00000099 C9                              	LEAVE
   127 0000009A C3                              	RET
   128 0000009B                                 	GLOBAL	_fill_box8
   129 0000009B                                 _fill_box8:
   130 0000009B 55                              	PUSH	EBP
   131 0000009C 89 E5                           	MOV	EBP,ESP
   132 0000009E 57                              	PUSH	EDI
   133 0000009F 56                              	PUSH	ESI
   134 000000A0 53                              	PUSH	EBX
   135 000000A1 57                              	PUSH	EDI
   136 000000A2 57                              	PUSH	EDI
   137 000000A3 8A 45 10                        	MOV	AL,BYTE [16+EBP]
   138 000000A6 8B 4D 18                        	MOV	ECX,DWORD [24+EBP]
   139 000000A9 8B 7D 1C                        	MOV	EDI,DWORD [28+EBP]
   140 000000AC 88 45 F3                        	MOV	BYTE [-13+EBP],AL
   141 000000AF 3B 4D 20                        	CMP	ECX,DWORD [32+EBP]
   142 000000B2 7F 31                           	JG	L22
   143 000000B4 8B 5D 0C                        	MOV	EBX,DWORD [12+EBP]
   144 000000B7 0F AF D9                        	IMUL	EBX,ECX
   145 000000BA                                 L20:
   146 000000BA 8B 55 14                        	MOV	EDX,DWORD [20+EBP]
   147 000000BD 39 FA                           	CMP	EDX,EDI
   148 000000BF 7F 1B                           	JG	L24
   149 000000C1 8B 75 08                        	MOV	ESI,DWORD [8+EBP]
   150 000000C4 01 DE                           	ADD	ESI,EBX
   151 000000C6 01 D6                           	ADD	ESI,EDX
   152 000000C8 89 75 EC                        	MOV	DWORD [-20+EBP],ESI
   153 000000CB                                 L19:
   154 000000CB 8B 75 EC                        	MOV	ESI,DWORD [-20+EBP]
   155 000000CE 8A 45 F3                        	MOV	AL,BYTE [-13+EBP]
   156 000000D1 42                              	INC	EDX
   157 000000D2 88 06                           	MOV	BYTE [ESI],AL
   158 000000D4 46                              	INC	ESI
   159 000000D5 89 75 EC                        	MOV	DWORD [-20+EBP],ESI
   160 000000D8 39 FA                           	CMP	EDX,EDI
   161 000000DA 7E EF                           	JLE	L19
   162 000000DC                                 L24:
   163 000000DC 41                              	INC	ECX
   164 000000DD 03 5D 0C                        	ADD	EBX,DWORD [12+EBP]
   165 000000E0 3B 4D 20                        	CMP	ECX,DWORD [32+EBP]
   166 000000E3 7E D5                           	JLE	L20
   167 000000E5                                 L22:
   168 000000E5 5B                              	POP	EBX
   169 000000E6 5E                              	POP	ESI
   170 000000E7 5B                              	POP	EBX
   171 000000E8 5E                              	POP	ESI
   172 000000E9 5F                              	POP	EDI
   173 000000EA 5D                              	POP	EBP
   174 000000EB C3                              	RET
   175 000000EC                                 	GLOBAL	_init_screen
   176 000000EC                                 _init_screen:
   177 000000EC 55                              	PUSH	EBP
   178 000000ED 89 E5                           	MOV	EBP,ESP
   179 000000EF 57                              	PUSH	EDI
   180 000000F0 56                              	PUSH	ESI
   181 000000F1 53                              	PUSH	EBX
   182 000000F2 83 EC 0C                        	SUB	ESP,12
   183 000000F5 8B 45 10                        	MOV	EAX,DWORD [16+EBP]
   184 000000F8 8B 7D 0C                        	MOV	EDI,DWORD [12+EBP]
   185 000000FB 83 E8 1D                        	SUB	EAX,29
   186 000000FE 4F                              	DEC	EDI
   187 000000FF 50                              	PUSH	EAX
   188 00000100 57                              	PUSH	EDI
   189 00000101 6A 00                           	PUSH	0
   190 00000103 6A 00                           	PUSH	0
   191 00000105 6A 0F                           	PUSH	15
   192 00000107 FF 75 0C                        	PUSH	DWORD [12+EBP]
   193 0000010A FF 75 08                        	PUSH	DWORD [8+EBP]
   194 0000010D E8 FFFFFF89                     	CALL	_fill_box8
   195 00000112 8B 45 10                        	MOV	EAX,DWORD [16+EBP]
   196 00000115 83 E8 1C                        	SUB	EAX,28
   197 00000118 50                              	PUSH	EAX
   198 00000119 57                              	PUSH	EDI
   199 0000011A 50                              	PUSH	EAX
   200 0000011B 6A 00                           	PUSH	0
   201 0000011D 6A 08                           	PUSH	8
   202 0000011F FF 75 0C                        	PUSH	DWORD [12+EBP]
   203 00000122 FF 75 08                        	PUSH	DWORD [8+EBP]
   204 00000125 E8 FFFFFF71                     	CALL	_fill_box8
   205 0000012A 8B 45 10                        	MOV	EAX,DWORD [16+EBP]
   206 0000012D 83 C4 38                        	ADD	ESP,56
   207 00000130 83 E8 1B                        	SUB	EAX,27
   208 00000133 50                              	PUSH	EAX
   209 00000134 57                              	PUSH	EDI
   210 00000135 50                              	PUSH	EAX
   211 00000136 6A 00                           	PUSH	0
   212 00000138 6A 07                           	PUSH	7
   213 0000013A FF 75 0C                        	PUSH	DWORD [12+EBP]
   214 0000013D FF 75 08                        	PUSH	DWORD [8+EBP]
   215 00000140 E8 FFFFFF56                     	CALL	_fill_box8
   216 00000145 8B 45 10                        	MOV	EAX,DWORD [16+EBP]
   217 00000148 48                              	DEC	EAX
   218 00000149 50                              	PUSH	EAX
   219 0000014A 8B 45 10                        	MOV	EAX,DWORD [16+EBP]
   220 0000014D 57                              	PUSH	EDI
   221 0000014E 83 E8 1A                        	SUB	EAX,26
   222 00000151 50                              	PUSH	EAX
   223 00000152 6A 00                           	PUSH	0
   224 00000154 6A 08                           	PUSH	8
   225 00000156 FF 75 0C                        	PUSH	DWORD [12+EBP]
   226 00000159 FF 75 08                        	PUSH	DWORD [8+EBP]
   227 0000015C E8 FFFFFF3A                     	CALL	_fill_box8
   228 00000161 8B 75 10                        	MOV	ESI,DWORD [16+EBP]
   229 00000164 83 C4 38                        	ADD	ESP,56
   230 00000167 83 EE 18                        	SUB	ESI,24
   231 0000016A 56                              	PUSH	ESI
   232 0000016B 6A 3B                           	PUSH	59
   233 0000016D 56                              	PUSH	ESI
   234 0000016E 6A 03                           	PUSH	3
   235 00000170 6A 07                           	PUSH	7
   236 00000172 FF 75 0C                        	PUSH	DWORD [12+EBP]
   237 00000175 FF 75 08                        	PUSH	DWORD [8+EBP]
   238 00000178 E8 FFFFFF1E                     	CALL	_fill_box8
   239 0000017D 8B 45 10                        	MOV	EAX,DWORD [16+EBP]
   240 00000180 83 E8 04                        	SUB	EAX,4
   241 00000183 50                              	PUSH	EAX
   242 00000184 89 45 F0                        	MOV	DWORD [-16+EBP],EAX
   243 00000187 6A 02                           	PUSH	2
   244 00000189 56                              	PUSH	ESI
   245 0000018A 6A 02                           	PUSH	2
   246 0000018C 6A 07                           	PUSH	7
   247 0000018E FF 75 0C                        	PUSH	DWORD [12+EBP]
   248 00000191 FF 75 08                        	PUSH	DWORD [8+EBP]
   249 00000194 E8 FFFFFF02                     	CALL	_fill_box8
   250 00000199 83 C4 38                        	ADD	ESP,56
   251 0000019C FF 75 F0                        	PUSH	DWORD [-16+EBP]
   252 0000019F 6A 3B                           	PUSH	59
   253 000001A1 FF 75 F0                        	PUSH	DWORD [-16+EBP]
   254 000001A4 6A 03                           	PUSH	3
   255 000001A6 6A 0F                           	PUSH	15
   256 000001A8 FF 75 0C                        	PUSH	DWORD [12+EBP]
   257 000001AB FF 75 08                        	PUSH	DWORD [8+EBP]
   258 000001AE E8 FFFFFEE8                     	CALL	_fill_box8
   259 000001B3 8B 45 10                        	MOV	EAX,DWORD [16+EBP]
   260 000001B6 83 E8 05                        	SUB	EAX,5
   261 000001B9 50                              	PUSH	EAX
   262 000001BA 8B 45 10                        	MOV	EAX,DWORD [16+EBP]
   263 000001BD 6A 3B                           	PUSH	59
   264 000001BF 83 E8 17                        	SUB	EAX,23
   265 000001C2 50                              	PUSH	EAX
   266 000001C3 89 45 EC                        	MOV	DWORD [-20+EBP],EAX
   267 000001C6 6A 3B                           	PUSH	59
   268 000001C8 6A 0F                           	PUSH	15
   269 000001CA FF 75 0C                        	PUSH	DWORD [12+EBP]
   270 000001CD FF 75 08                        	PUSH	DWORD [8+EBP]
   271 000001D0 E8 FFFFFEC6                     	CALL	_fill_box8
   272 000001D5 8B 45 10                        	MOV	EAX,DWORD [16+EBP]
   273 000001D8 83 C4 38                        	ADD	ESP,56
   274 000001DB 83 E8 03                        	SUB	EAX,3
   275 000001DE 89 45 E8                        	MOV	DWORD [-24+EBP],EAX
   276 000001E1 50                              	PUSH	EAX
   277 000001E2 6A 3B                           	PUSH	59
   278 000001E4 50                              	PUSH	EAX
   279 000001E5 6A 02                           	PUSH	2
   280 000001E7 6A 00                           	PUSH	0
   281 000001E9 FF 75 0C                        	PUSH	DWORD [12+EBP]
   282 000001EC FF 75 08                        	PUSH	DWORD [8+EBP]
   283 000001EF E8 FFFFFEA7                     	CALL	_fill_box8
   284 000001F4 FF 75 E8                        	PUSH	DWORD [-24+EBP]
   285 000001F7 6A 3C                           	PUSH	60
   286 000001F9 56                              	PUSH	ESI
   287 000001FA 6A 3C                           	PUSH	60
   288 000001FC 6A 00                           	PUSH	0
   289 000001FE FF 75 0C                        	PUSH	DWORD [12+EBP]
   290 00000201 FF 75 08                        	PUSH	DWORD [8+EBP]
   291 00000204 E8 FFFFFE92                     	CALL	_fill_box8
   292 00000209 8B 7D 0C                        	MOV	EDI,DWORD [12+EBP]
   293 0000020C 83 C4 38                        	ADD	ESP,56
   294 0000020F 8B 5D 0C                        	MOV	EBX,DWORD [12+EBP]
   295 00000212 83 EB 04                        	SUB	EBX,4
   296 00000215 83 EF 2F                        	SUB	EDI,47
   297 00000218 56                              	PUSH	ESI
   298 00000219 53                              	PUSH	EBX
   299 0000021A 56                              	PUSH	ESI
   300 0000021B 57                              	PUSH	EDI
   301 0000021C 6A 0F                           	PUSH	15
   302 0000021E FF 75 0C                        	PUSH	DWORD [12+EBP]
   303 00000221 FF 75 08                        	PUSH	DWORD [8+EBP]
   304 00000224 E8 FFFFFE72                     	CALL	_fill_box8
   305 00000229 FF 75 F0                        	PUSH	DWORD [-16+EBP]
   306 0000022C 57                              	PUSH	EDI
   307 0000022D FF 75 EC                        	PUSH	DWORD [-20+EBP]
   308 00000230 57                              	PUSH	EDI
   309 00000231 6A 0F                           	PUSH	15
   310 00000233 FF 75 0C                        	PUSH	DWORD [12+EBP]
   311 00000236 FF 75 08                        	PUSH	DWORD [8+EBP]
   312 00000239 E8 FFFFFE5D                     	CALL	_fill_box8
   313 0000023E 83 C4 38                        	ADD	ESP,56
   314 00000241 FF 75 E8                        	PUSH	DWORD [-24+EBP]
   315 00000244 53                              	PUSH	EBX
   316 00000245 FF 75 E8                        	PUSH	DWORD [-24+EBP]
   317 00000248 57                              	PUSH	EDI
   318 00000249 6A 07                           	PUSH	7
   319 0000024B FF 75 0C                        	PUSH	DWORD [12+EBP]
   320 0000024E FF 75 08                        	PUSH	DWORD [8+EBP]
   321 00000251 E8 FFFFFE45                     	CALL	_fill_box8
   322 00000256 8B 45 0C                        	MOV	EAX,DWORD [12+EBP]
   323 00000259 FF 75 E8                        	PUSH	DWORD [-24+EBP]
   324 0000025C 83 E8 03                        	SUB	EAX,3
   325 0000025F 50                              	PUSH	EAX
   326 00000260 56                              	PUSH	ESI
   327 00000261 50                              	PUSH	EAX
   328 00000262 6A 07                           	PUSH	7
   329 00000264 FF 75 0C                        	PUSH	DWORD [12+EBP]
   330 00000267 FF 75 08                        	PUSH	DWORD [8+EBP]
   331 0000026A E8 FFFFFE2C                     	CALL	_fill_box8
   332 0000026F 8D 65 F4                        	LEA	ESP,DWORD [-12+EBP]
   333 00000272 5B                              	POP	EBX
   334 00000273 5E                              	POP	ESI
   335 00000274 5F                              	POP	EDI
   336 00000275 5D                              	POP	EBP
   337 00000276 C3                              	RET
   338 00000277                                 	GLOBAL	_draw_font8
   339 00000277                                 _draw_font8:
   340 00000277 55                              	PUSH	EBP
   341 00000278 89 E5                           	MOV	EBP,ESP
   342 0000027A 57                              	PUSH	EDI
   343 0000027B 56                              	PUSH	ESI
   344 0000027C 31 F6                           	XOR	ESI,ESI
   345 0000027E 53                              	PUSH	EBX
   346 0000027F 8B 7D 1C                        	MOV	EDI,DWORD [28+EBP]
   347 00000282 8A 5D 18                        	MOV	BL,BYTE [24+EBP]
   348 00000285                                 L39:
   349 00000285 8B 45 14                        	MOV	EAX,DWORD [20+EBP]
   350 00000288 8B 55 10                        	MOV	EDX,DWORD [16+EBP]
   351 0000028B 01 F0                           	ADD	EAX,ESI
   352 0000028D 0F AF 45 0C                     	IMUL	EAX,DWORD [12+EBP]
   353 00000291 03 45 08                        	ADD	EAX,DWORD [8+EBP]
   354 00000294 8D 0C 02                        	LEA	ECX,DWORD [EDX+EAX*1]
   355 00000297 8A 14 3E                        	MOV	DL,BYTE [ESI+EDI*1]
   356 0000029A 84 D2                           	TEST	DL,DL
   357 0000029C 79 02                           	JNS	L31
   358 0000029E 88 19                           	MOV	BYTE [ECX],BL
   359 000002A0                                 L31:
   360 000002A0 88 D0                           	MOV	AL,DL
   361 000002A2 83 E0 40                        	AND	EAX,64
   362 000002A5 84 C0                           	TEST	AL,AL
   363 000002A7 74 03                           	JE	L32
   364 000002A9 88 59 01                        	MOV	BYTE [1+ECX],BL
   365 000002AC                                 L32:
   366 000002AC 88 D0                           	MOV	AL,DL
   367 000002AE 83 E0 20                        	AND	EAX,32
   368 000002B1 84 C0                           	TEST	AL,AL
   369 000002B3 74 03                           	JE	L33
   370 000002B5 88 59 02                        	MOV	BYTE [2+ECX],BL
   371 000002B8                                 L33:
   372 000002B8 88 D0                           	MOV	AL,DL
   373 000002BA 83 E0 10                        	AND	EAX,16
   374 000002BD 84 C0                           	TEST	AL,AL
   375 000002BF 74 03                           	JE	L34
   376 000002C1 88 59 03                        	MOV	BYTE [3+ECX],BL
   377 000002C4                                 L34:
   378 000002C4 88 D0                           	MOV	AL,DL
   379 000002C6 83 E0 08                        	AND	EAX,8
   380 000002C9 84 C0                           	TEST	AL,AL
   381 000002CB 74 03                           	JE	L35
   382 000002CD 88 59 04                        	MOV	BYTE [4+ECX],BL
   383 000002D0                                 L35:
   384 000002D0 88 D0                           	MOV	AL,DL
   385 000002D2 83 E0 04                        	AND	EAX,4
   386 000002D5 84 C0                           	TEST	AL,AL
   387 000002D7 74 03                           	JE	L36
   388 000002D9 88 59 05                        	MOV	BYTE [5+ECX],BL
   389 000002DC                                 L36:
   390 000002DC 88 D0                           	MOV	AL,DL
   391 000002DE 83 E0 02                        	AND	EAX,2
   392 000002E1 84 C0                           	TEST	AL,AL
   393 000002E3 74 03                           	JE	L37
   394 000002E5 88 59 06                        	MOV	BYTE [6+ECX],BL
   395 000002E8                                 L37:
   396 000002E8 83 E2 01                        	AND	EDX,1
   397 000002EB 84 D2                           	TEST	DL,DL
   398 000002ED 74 03                           	JE	L29
   399 000002EF 88 59 07                        	MOV	BYTE [7+ECX],BL
   400 000002F2                                 L29:
   401 000002F2 46                              	INC	ESI
   402 000002F3 83 FE 0F                        	CMP	ESI,15
   403 000002F6 7E 8D                           	JLE	L39
   404 000002F8 5B                              	POP	EBX
   405 000002F9 5E                              	POP	ESI
   406 000002FA 5F                              	POP	EDI
   407 000002FB 5D                              	POP	EBP
   408 000002FC C3                              	RET
   409 000002FD                                 	GLOBAL	_draw_font8_asc
   410 000002FD                                 _draw_font8_asc:
   411 000002FD 55                              	PUSH	EBP
   412 000002FE 89 E5                           	MOV	EBP,ESP
   413 00000300 57                              	PUSH	EDI
   414 00000301 56                              	PUSH	ESI
   415 00000302 53                              	PUSH	EBX
   416 00000303 50                              	PUSH	EAX
   417 00000304 8B 5D 1C                        	MOV	EBX,DWORD [28+EBP]
   418 00000307 8A 45 18                        	MOV	AL,BYTE [24+EBP]
   419 0000030A 88 45 F3                        	MOV	BYTE [-13+EBP],AL
   420 0000030D 8B 75 10                        	MOV	ESI,DWORD [16+EBP]
   421 00000310 8B 7D 14                        	MOV	EDI,DWORD [20+EBP]
   422 00000313 80 3B 00                        	CMP	BYTE [EBX],0
   423 00000316 75 08                           	JNE	L47
   424 00000318                                 L49:
   425 00000318 8D 65 F4                        	LEA	ESP,DWORD [-12+EBP]
   426 0000031B 5B                              	POP	EBX
   427 0000031C 5E                              	POP	ESI
   428 0000031D 5F                              	POP	EDI
   429 0000031E 5D                              	POP	EBP
   430 0000031F C3                              	RET
   431 00000320                                 L47:
   432 00000320 0F B6 03                        	MOVZX	EAX,BYTE [EBX]
   433 00000323 C1 E0 04                        	SAL	EAX,4
   434 00000326 43                              	INC	EBX
   435 00000327 05 [00000000]                   	ADD	EAX,_charlib
   436 0000032C 50                              	PUSH	EAX
   437 0000032D 0F BE 45 F3                     	MOVSX	EAX,BYTE [-13+EBP]
   438 00000331 50                              	PUSH	EAX
   439 00000332 57                              	PUSH	EDI
   440 00000333 56                              	PUSH	ESI
   441 00000334 83 C6 08                        	ADD	ESI,8
   442 00000337 FF 75 0C                        	PUSH	DWORD [12+EBP]
   443 0000033A FF 75 08                        	PUSH	DWORD [8+EBP]
   444 0000033D E8 FFFFFF35                     	CALL	_draw_font8
   445 00000342 83 C4 18                        	ADD	ESP,24
   446 00000345 80 3B 00                        	CMP	BYTE [EBX],0
   447 00000348 75 D6                           	JNE	L47
   448 0000034A EB CC                           	JMP	L49
   449                                          [SECTION .data]
   450 00000030                                 _s_cursor.1:
   451 00000030 2A 2A 2A 2A 2A 2A 2A 2A 2A 2A   	DB	"**************.."
       0000003A 2A 2A 2A 2A 2E 2E 
   452 00000040 2A 6F 6F 6F 6F 6F 6F 6F 6F 6F   	DB	"*ooooooooooo*..."
       0000004A 6F 6F 2A 2E 2E 2E 
   453 00000050 2A 6F 6F 6F 6F 6F 6F 6F 6F 6F   	DB	"*oooooooooo*...."
       0000005A 6F 2A 2E 2E 2E 2E 
   454 00000060 2A 6F 6F 6F 6F 6F 6F 6F 6F 6F   	DB	"*ooooooooo*....."
       0000006A 2A 2E 2E 2E 2E 2E 
   455 00000070 2A 6F 6F 6F 6F 6F 6F 6F 6F 2A   	DB	"*oooooooo*......"
       0000007A 2E 2E 2E 2E 2E 2E 
   456 00000080 2A 6F 6F 6F 6F 6F 6F 6F 2A 2E   	DB	"*ooooooo*......."
       0000008A 2E 2E 2E 2E 2E 2E 
   457 00000090 2A 6F 6F 6F 6F 6F 6F 6F 2A 2E   	DB	"*ooooooo*......."
       0000009A 2E 2E 2E 2E 2E 2E 
   458 000000A0 2A 6F 6F 6F 6F 6F 6F 6F 6F 2A   	DB	"*oooooooo*......"
       000000AA 2E 2E 2E 2E 2E 2E 
   459 000000B0 2A 6F 6F 6F 6F 2A 2A 6F 6F 6F   	DB	"*oooo**ooo*....."
       000000BA 2A 2E 2E 2E 2E 2E 
   460 000000C0 2A 6F 6F 6F 2A 2E 2E 2A 6F 6F   	DB	"*ooo*..*ooo*...."
       000000CA 6F 2A 2E 2E 2E 2E 
   461 000000D0 2A 6F 6F 2A 2E 2E 2E 2E 2A 6F   	DB	"*oo*....*ooo*..."
       000000DA 6F 6F 2A 2E 2E 2E 
   462 000000E0 2A 6F 2A 2E 2E 2E 2E 2E 2E 2A   	DB	"*o*......*ooo*.."
       000000EA 6F 6F 6F 2A 2E 2E 
   463 000000F0 2A 2A 2E 2E 2E 2E 2E 2E 2E 2E   	DB	"**........*ooo*."
       000000FA 2A 6F 6F 6F 2A 2E 
   464 00000100 2A 2E 2E 2E 2E 2E 2E 2E 2E 2E   	DB	"*..........*ooo*"
       0000010A 2E 2A 6F 6F 6F 2A 
   465 00000110 2E 2E 2E 2E 2E 2E 2E 2E 2E 2E   	DB	"............*oo*"
       0000011A 2E 2E 2A 6F 6F 2A 
   466 00000120 2E 2E 2E 2E 2E 2E 2E 2E 2E 2E   	DB	".............***"
       0000012A 2E 2E 2E 2A 2A 2A 
   467                                          [SECTION .text]
   468 0000034C                                 	GLOBAL	_init_mouse_cursor8
   469 0000034C                                 _init_mouse_cursor8:
   470 0000034C 55                              	PUSH	EBP
   471 0000034D 89 E5                           	MOV	EBP,ESP
   472 0000034F 57                              	PUSH	EDI
   473 00000350 56                              	PUSH	ESI
   474 00000351 31 F6                           	XOR	ESI,ESI
   475 00000353 53                              	PUSH	EBX
   476 00000354 31 DB                           	XOR	EBX,EBX
   477 00000356 50                              	PUSH	EAX
   478 00000357 8A 45 0C                        	MOV	AL,BYTE [12+EBP]
   479 0000035A 8B 7D 08                        	MOV	EDI,DWORD [8+EBP]
   480 0000035D 88 45 F3                        	MOV	BYTE [-13+EBP],AL
   481 00000360                                 L67:
   482 00000360 31 C9                           	XOR	ECX,ECX
   483 00000362                                 L66:
   484 00000362 8D 14 19                        	LEA	EDX,DWORD [ECX+EBX*1]
   485 00000365 0F BE 82 [00000030]             	MOVSX	EAX,BYTE [_s_cursor.1+EDX]
   486 0000036C 83 F8 2E                        	CMP	EAX,46
   487 0000036F 74 30                           	JE	L62
   488 00000371 83 F8 2E                        	CMP	EAX,46
   489 00000374 7F 20                           	JG	L65
   490 00000376 83 F8 2A                        	CMP	EAX,42
   491 00000379 74 15                           	JE	L60
   492 0000037B                                 L57:
   493 0000037B 41                              	INC	ECX
   494 0000037C 83 F9 0F                        	CMP	ECX,15
   495 0000037F 7E E1                           	JLE	L66
   496 00000381 46                              	INC	ESI
   497 00000382 83 C3 10                        	ADD	EBX,16
   498 00000385 83 FE 0F                        	CMP	ESI,15
   499 00000388 7E D6                           	JLE	L67
   500 0000038A 58                              	POP	EAX
   501 0000038B 5B                              	POP	EBX
   502 0000038C 5E                              	POP	ESI
   503 0000038D 5F                              	POP	EDI
   504 0000038E 5D                              	POP	EBP
   505 0000038F C3                              	RET
   506 00000390                                 L60:
   507 00000390 C6 04 3A 00                     	MOV	BYTE [EDX+EDI*1],0
   508 00000394 EB E5                           	JMP	L57
   509 00000396                                 L65:
   510 00000396 83 F8 6F                        	CMP	EAX,111
   511 00000399 75 E0                           	JNE	L57
   512 0000039B C6 04 3A 07                     	MOV	BYTE [EDX+EDI*1],7
   513 0000039F EB DA                           	JMP	L57
   514 000003A1                                 L62:
   515 000003A1 8A 45 F3                        	MOV	AL,BYTE [-13+EBP]
   516 000003A4 88 04 3A                        	MOV	BYTE [EDX+EDI*1],AL
   517 000003A7 EB D2                           	JMP	L57
   518 000003A9                                 	GLOBAL	_draw_block8_8
   519 000003A9                                 _draw_block8_8:
   520 000003A9 55                              	PUSH	EBP
   521 000003AA 89 E5                           	MOV	EBP,ESP
   522 000003AC 57                              	PUSH	EDI
   523 000003AD 56                              	PUSH	ESI
   524 000003AE 31 F6                           	XOR	ESI,ESI
   525 000003B0 53                              	PUSH	EBX
   526 000003B1 83 EC 0C                        	SUB	ESP,12
   527 000003B4 3B 75 14                        	CMP	ESI,DWORD [20+EBP]
   528 000003B7 7D 3E                           	JGE	L84
   529 000003B9 31 FF                           	XOR	EDI,EDI
   530 000003BB                                 L82:
   531 000003BB 31 DB                           	XOR	EBX,EBX
   532 000003BD 3B 5D 10                        	CMP	EBX,DWORD [16+EBP]
   533 000003C0 7D 2C                           	JGE	L86
   534 000003C2 8B 45 20                        	MOV	EAX,DWORD [32+EBP]
   535 000003C5 01 F8                           	ADD	EAX,EDI
   536 000003C7 89 45 EC                        	MOV	DWORD [-20+EBP],EAX
   537 000003CA                                 L81:
   538 000003CA 8B 45 1C                        	MOV	EAX,DWORD [28+EBP]
   539 000003CD 8B 55 18                        	MOV	EDX,DWORD [24+EBP]
   540 000003D0 01 F0                           	ADD	EAX,ESI
   541 000003D2 01 DA                           	ADD	EDX,EBX
   542 000003D4 0F AF 45 0C                     	IMUL	EAX,DWORD [12+EBP]
   543 000003D8 01 D0                           	ADD	EAX,EDX
   544 000003DA 8B 4D 08                        	MOV	ECX,DWORD [8+EBP]
   545 000003DD 8B 55 EC                        	MOV	EDX,DWORD [-20+EBP]
   546 000003E0 43                              	INC	EBX
   547 000003E1 8A 12                           	MOV	DL,BYTE [EDX]
   548 000003E3 88 14 08                        	MOV	BYTE [EAX+ECX*1],DL
   549 000003E6 FF 45 EC                        	INC	DWORD [-20+EBP]
   550 000003E9 3B 5D 10                        	CMP	EBX,DWORD [16+EBP]
   551 000003EC 7C DC                           	JL	L81
   552 000003EE                                 L86:
   553 000003EE 46                              	INC	ESI
   554 000003EF 03 7D 24                        	ADD	EDI,DWORD [36+EBP]
   555 000003F2 3B 75 14                        	CMP	ESI,DWORD [20+EBP]
   556 000003F5 7C C4                           	JL	L82
   557 000003F7                                 L84:
   558 000003F7 83 C4 0C                        	ADD	ESP,12
   559 000003FA 5B                              	POP	EBX
   560 000003FB 5E                              	POP	ESI
   561 000003FC 5F                              	POP	EDI
   562 000003FD 5D                              	POP	EBP
   563 000003FE C3                              	RET
