     1 00000000                                 [FORMAT "WCOFF"]
     2 00000000                                 [INSTRSET "i486p"]
     3 00000000                                 [OPTIMIZE 1]
     4 00000000                                 [OPTION 1]
     5 00000000                                 [BITS 32]
     6 00000000                                 	EXTERN	_win_open
     7 00000000                                 	EXTERN	_api_end
     8 00000000                                 [FILE "win.c"]
     9                                          [SECTION .data]
    10 00000000                                 LC0:
    11 00000000 48 65 6C 6C 6F 2D 57 69 6E 00   	DB	"Hello-Win",0x00
    12                                          [SECTION .text]
    13 00000000                                 	GLOBAL	_HariMain
    14 00000000                                 _HariMain:
    15 00000000 55                              	PUSH	EBP
    16 00000001 89 E5                           	MOV	EBP,ESP
    17 00000003 68 [00000000]                   	PUSH	LC0
    18 00000008 6A FF                           	PUSH	-1
    19 0000000A 6A 32                           	PUSH	50
    20 0000000C 68 00000096                     	PUSH	150
    21 00000011 68 [00000010]                   	PUSH	_buf
    22 00000016 E8 [00000000]                   	CALL	_win_open
    23 0000001B 83 C4 14                        	ADD	ESP,20
    24 0000001E C9                              	LEAVE
    25 0000001F E9 [00000000]                   	JMP	_api_end
    26 00000024                                 	GLOBAL	_buf
    27                                          [SECTION .data]
    28 0000000A 00 00 00 00 00 00               	ALIGNB	16
    29 00000010                                 _buf:
    30 00000010 00 00 00 00 00 00 00 00 00 00   	RESB	7500
       0000001A 00 00 00 00 00 00 00 00 00 00 
       00000024 00 00 00 00 00 00 00 00 00 00 
       0000002E 00 00 00 00 00 00 00 00 00 00 
       00000038 00 00 00 00 00 00 00 00 00 00 
       00000042 00 00 00 00 00 00 00 00 00 00 
       0000004C 00 00 00 00 00 00 00 00 00 00 
       00000056 00 00 00 00 00 00 00 00 00 00 
       00000060 00 00 00 00 00 00 00 00 00 00 
       0000006A 00 00 00 00 00 00 00 00 00 00 
       00000074 00 00 00 00 00 00 00 00 00 00 
       0000007E 00 00 00 00 00 00 00 00 00 00 
       00000088 00 00 00 00 00 00 00 00 00 00 
       00000092 00 00 00 00 00 00 00 00 00 00 
       0000009C 00 00 00 00 00 00 00 00 00 00 
       000000A6 00 00 00 00 00 00 00 00 00 00 
       000000B0 00 00 00 00 00 00 00 00 00 00 
       000000BA 00 00 00 00 00 00 00 00 00 00 
       000000C4 00 00 00 00 00 00 00 00 00 00 
       000000CE 00 00 00 00 00 00 00 00 00 00 
       000000D8 00 00 00 00 00 00 00 00 00 00 
       000000E2 00 00 00 00 00 00 00 00 00 00 
       000000EC 00 00 00 00 00 00 00 00 00 00 
       000000F6 00 00 00 00 00 00 00 00 00 00 
       00000100 00 00 00 00 00 00 00 00 00 00 
       0000010A 00 00 00 00 00 00 00 00 00 00 
       00000114 00 00 00 00 00 00 00 00 00 00 
       0000011E 00 00 00 00 00 00 00 00 00 00 
       00000128 00 00 00 00 00 00 00 00 00 00 
       00000132 00 00 00 00 00 00 00 00 00 00 
       0000013C 00 00 00 00 00 00 00 00 00 00 
       00000146 00 00 00 00 00 00 00 00 00 00 
       00000150 00 00 00 00 00 00 00 00 00 00 
       0000015A 00 00 00 00 00 00 00 00 00 00 
       00000164 00 00 00 00 00 00 00 00 00 00 
       0000016E 00 00 00 00 00 00 00 00 00 00 
       00000178 00 00 00 00 00 00 00 00 00 00 
       00000182 00 00 00 00 00 00 00 00 00 00 
       0000018C 00 00 00 00 00 00 00 00 00 00 
       00000196 00 00 00 00 00 00 00 00 00 00 
       000001A0 00 00 00 00 00 00 00 00 00 00 
       000001AA 00 00 00 00 00 00 00 00 00 00 
       000001B4 00 00 00 00 00 00 00 00 00 00 
       000001BE 00 00 00 00 00 00 00 00 00 00 
       000001C8 00 00 00 00 00 00 00 00 00 00 
       000001D2 00 00 00 00 00 00 00 00 00 00 
       000001DC 00 00 00 00 00 00 00 00 00 00 
       000001E6 00 00 00 00 00 00 00 00 00 00 
       000001F0 00 00 00 00 00 00 00 00 00 00 
       000001FA 00 00 00 00 00 00 00 00 00 00 
       00000204 00 00 00 00 00 00 00 00 00 00 
       0000020E 00 00 00 00 00 00 00 00 00 00 
       00000218 00 00 00 00 00 00 00 00 00 00 
       00000222 00 00 00 00 00 00 00 00 00 00 
       0000022C 00 00 00 00 00 00 00 00 00 00 
       00000236 00 00 00 00 00 00 00 00 00 00 
       00000240 00 00 00 00 00 00 00 00 00 00 
       0000024A 00 00 00 00 00 00 00 00 00 00 
       00000254 00 00 00 00 00 00 00 00 00 00 
       0000025E 00 00 00 00 00 00 00 00 00 00 
       00000268 00 00 00 00 00 00 00 00 00 00 
       00000272 00 00 00 00 00 00 00 00 00 00 
       0000027C 00 00 00 00 00 00 00 00 00 00 
       00000286 00 00 00 00 00 00 00 00 00 00 
       00000290 00 00 00 00 00 00 00 00 00 00 
       0000029A 00 00 00 00 00 00 00 00 00 00 
       000002A4 00 00 00 00 00 00 00 00 00 00 
       000002AE 00 00 00 00 00 00 00 00 00 00 
       000002B8 00 00 00 00 00 00 00 00 00 00 
       000002C2 00 00 00 00 00 00 00 00 00 00 
       000002CC 00 00 00 00 00 00 00 00 00 00 
       000002D6 00 00 00 00 00 00 00 00 00 00 
       000002E0 00 00 00 00 00 00 00 00 00 00 
       000002EA 00 00 00 00 00 00 00 00 00 00 
       000002F4 00 00 00 00 00 00 00 00 00 00 
       000002FE 00 00 00 00 00 00 00 00 00 00 
       00000308 00 00 00 00 00 00 00 00 00 00 
       00000312 00 00 00 00 00 00 00 00 00 00 
       0000031C 00 00 00 00 00 00 00 00 00 00 
       00000326 00 00 00 00 00 00 00 00 00 00 
       00000330 00 00 00 00 00 00 00 00 00 00 
       0000033A 00 00 00 00 00 00 00 00 00 00 
       00000344 00 00 00 00 00 00 00 00 00 00 
       0000034E 00 00 00 00 00 00 00 00 00 00 
       00000358 00 00 00 00 00 00 00 00 00 00 
       00000362 00 00 00 00 00 00 00 00 00 00 
       0000036C 00 00 00 00 00 00 00 00 00 00 
       00000376 00 00 00 00 00 00 00 00 00 00 
       00000380 00 00 00 00 00 00 00 00 00 00 
       0000038A 00 00 00 00 00 00 00 00 00 00 
       00000394 00 00 00 00 00 00 00 00 00 00 
       0000039E 00 00 00 00 00 00 00 00 00 00 
       000003A8 00 00 00 00 00 00 00 00 00 00 
       000003B2 00 00 00 00 00 00 00 00 00 00 
       000003BC 00 00 00 00 00 00 00 00 00 00 
       000003C6 00 00 00 00 00 00 00 00 00 00 
       000003D0 00 00 00 00 00 00 00 00 00 00 
       000003DA 00 00 00 00 00 00 00 00 00 00 
       000003E4 00 00 00 00 00 00 00 00 00 00 
       000003EE 00 00 00 00 00 00 00 00 00 00 
       000003F8 00 00 00 00 00 00 00 00 00 00 
       00000402 00 00 00 00 00 00 00 00 00 00 
       0000040C 00 00 00 00 00 00 00 00 00 00 
       00000416 00 00 00 00 00 00 00 00 00 00 
       00000420 00 00 00 00 00 00 00 00 00 00 
       0000042A 00 00 00 00 00 00 00 00 00 00 
       00000434 00 00 00 00 00 00 00 00 00 00 
       0000043E 00 00 00 00 00 00 00 00 00 00 
       00000448 00 00 00 00 00 00 00 00 00 00 
       00000452 00 00 00 00 00 00 00 00 00 00 
       0000045C 00 00 00 00 00 00 00 00 00 00 
       00000466 00 00 00 00 00 00 00 00 00 00 
       00000470 00 00 00 00 00 00 00 00 00 00 
       0000047A 00 00 00 00 00 00 00 00 00 00 
       00000484 00 00 00 00 00 00 00 00 00 00 
       0000048E 00 00 00 00 00 00 00 00 00 00 
       00000498 00 00 00 00 00 00 00 00 00 00 
       000004A2 00 00 00 00 00 00 00 00 00 00 
       000004AC 00 00 00 00 00 00 00 00 00 00 
       000004B6 00 00 00 00 00 00 00 00 00 00 
       000004C0 00 00 00 00 00 00 00 00 00 00 
       000004CA 00 00 00 00 00 00 00 00 00 00 
       000004D4 00 00 00 00 00 00 00 00 00 00 
       000004DE 00 00 00 00 00 00 00 00 00 00 
       000004E8 00 00 00 00 00 00 00 00 00 00 
       000004F2 00 00 00 00 00 00 00 00 00 00 
       000004FC 00 00 00 00 00 00 00 00 00 00 
       00000506 00 00 00 00 00 00 00 00 00 00 
       00000510 00 00 00 00 00 00 00 00 00 00 
       0000051A 00 00 00 00 00 00 00 00 00 00 
       00000524 00 00 00 00 00 00 00 00 00 00 
       0000052E 00 00 00 00 00 00 00 00 00 00 
       00000538 00 00 00 00 00 00 00 00 00 00 
       00000542 00 00 00 00 00 00 00 00 00 00 
       0000054C 00 00 00 00 00 00 00 00 00 00 
       00000556 00 00 00 00 00 00 00 00 00 00 
       00000560 00 00 00 00 00 00 00 00 00 00 
       0000056A 00 00 00 00 00 00 00 00 00 00 
       00000574 00 00 00 00 00 00 00 00 00 00 
       0000057E 00 00 00 00 00 00 00 00 00 00 
       00000588 00 00 00 00 00 00 00 00 00 00 
       00000592 00 00 00 00 00 00 00 00 00 00 
       0000059C 00 00 00 00 00 00 00 00 00 00 
       000005A6 00 00 00 00 00 00 00 00 00 00 
       000005B0 00 00 00 00 00 00 00 00 00 00 
       000005BA 00 00 00 00 00 00 00 00 00 00 
       000005C4 00 00 00 00 00 00 00 00 00 00 
       000005CE 00 00 00 00 00 00 00 00 00 00 
       000005D8 00 00 00 00 00 00 00 00 00 00 
       000005E2 00 00 00 00 00 00 00 00 00 00 
       000005EC 00 00 00 00 00 00 00 00 00 00 
       000005F6 00 00 00 00 00 00 00 00 00 00 
       00000600 00 00 00 00 00 00 00 00 00 00 
       0000060A 00 00 00 00 00 00 00 00 00 00 
       00000614 00 00 00 00 00 00 00 00 00 00 
       0000061E 00 00 00 00 00 00 00 00 00 00 
       00000628 00 00 00 00 00 00 00 00 00 00 
       00000632 00 00 00 00 00 00 00 00 00 00 
       0000063C 00 00 00 00 00 00 00 00 00 00 
       00000646 00 00 00 00 00 00 00 00 00 00 
       00000650 00 00 00 00 00 00 00 00 00 00 
       0000065A 00 00 00 00 00 00 00 00 00 00 
       00000664 00 00 00 00 00 00 00 00 00 00 
       0000066E 00 00 00 00 00 00 00 00 00 00 
       00000678 00 00 00 00 00 00 00 00 00 00 
       00000682 00 00 00 00 00 00 00 00 00 00 
       0000068C 00 00 00 00 00 00 00 00 00 00 
       00000696 00 00 00 00 00 00 00 00 00 00 
       000006A0 00 00 00 00 00 00 00 00 00 00 
       000006AA 00 00 00 00 00 00 00 00 00 00 
       000006B4 00 00 00 00 00 00 00 00 00 00 
       000006BE 00 00 00 00 00 00 00 00 00 00 
       000006C8 00 00 00 00 00 00 00 00 00 00 
       000006D2 00 00 00 00 00 00 00 00 00 00 
       000006DC 00 00 00 00 00 00 00 00 00 00 
       000006E6 00 00 00 00 00 00 00 00 00 00 
       000006F0 00 00 00 00 00 00 00 00 00 00 
       000006FA 00 00 00 00 00 00 00 00 00 00 
       00000704 00 00 00 00 00 00 00 00 00 00 
       0000070E 00 00 00 00 00 00 00 00 00 00 
       00000718 00 00 00 00 00 00 00 00 00 00 
       00000722 00 00 00 00 00 00 00 00 00 00 
       0000072C 00 00 00 00 00 00 00 00 00 00 
       00000736 00 00 00 00 00 00 00 00 00 00 
       00000740 00 00 00 00 00 00 00 00 00 00 
       0000074A 00 00 00 00 00 00 00 00 00 00 
       00000754 00 00 00 00 00 00 00 00 00 00 
       0000075E 00 00 00 00 00 00 00 00 00 00 
       00000768 00 00 00 00 00 00 00 00 00 00 
       00000772 00 00 00 00 00 00 00 00 00 00 
       0000077C 00 00 00 00 00 00 00 00 00 00 
       00000786 00 00 00 00 00 00 00 00 00 00 
       00000790 00 00 00 00 00 00 00 00 00 00 
       0000079A 00 00 00 00 00 00 00 00 00 00 
       000007A4 00 00 00 00 00 00 00 00 00 00 
       000007AE 00 00 00 00 00 00 00 00 00 00 
       000007B8 00 00 00 00 00 00 00 00 00 00 
       000007C2 00 00 00 00 00 00 00 00 00 00 
       000007CC 00 00 00 00 00 00 00 00 00 00 
       000007D6 00 00 00 00 00 00 00 00 00 00 
       000007E0 00 00 00 00 00 00 00 00 00 00 
       000007EA 00 00 00 00 00 00 00 00 00 00 
       000007F4 00 00 00 00 00 00 00 00 00 00 
       000007FE 00 00 00 00 00 00 00 00 00 00 
       00000808 00 00 00 00 00 00 00 00 00 00 
       00000812 00 00 00 00 00 00 00 00 00 00 
       0000081C 00 00 00 00 00 00 00 00 00 00 
       00000826 00 00 00 00 00 00 00 00 00 00 
       00000830 00 00 00 00 00 00 00 00 00 00 
       0000083A 00 00 00 00 00 00 00 00 00 00 
       00000844 00 00 00 00 00 00 00 00 00 00 
       0000084E 00 00 00 00 00 00 00 00 00 00 
       00000858 00 00 00 00 00 00 00 00 00 00 
       00000862 00 00 00 00 00 00 00 00 00 00 
       0000086C 00 00 00 00 00 00 00 00 00 00 
       00000876 00 00 00 00 00 00 00 00 00 00 
       00000880 00 00 00 00 00 00 00 00 00 00 
       0000088A 00 00 00 00 00 00 00 00 00 00 
       00000894 00 00 00 00 00 00 00 00 00 00 
       0000089E 00 00 00 00 00 00 00 00 00 00 
       000008A8 00 00 00 00 00 00 00 00 00 00 
       000008B2 00 00 00 00 00 00 00 00 00 00 
       000008BC 00 00 00 00 00 00 00 00 00 00 
       000008C6 00 00 00 00 00 00 00 00 00 00 
       000008D0 00 00 00 00 00 00 00 00 00 00 
       000008DA 00 00 00 00 00 00 00 00 00 00 
       000008E4 00 00 00 00 00 00 00 00 00 00 
       000008EE 00 00 00 00 00 00 00 00 00 00 
       000008F8 00 00 00 00 00 00 00 00 00 00 
       00000902 00 00 00 00 00 00 00 00 00 00 
       0000090C 00 00 00 00 00 00 00 00 00 00 
       00000916 00 00 00 00 00 00 00 00 00 00 
       00000920 00 00 00 00 00 00 00 00 00 00 
       0000092A 00 00 00 00 00 00 00 00 00 00 
       00000934 00 00 00 00 00 00 00 00 00 00 
       0000093E 00 00 00 00 00 00 00 00 00 00 
       00000948 00 00 00 00 00 00 00 00 00 00 
       00000952 00 00 00 00 00 00 00 00 00 00 
       0000095C 00 00 00 00 00 00 00 00 00 00 
       00000966 00 00 00 00 00 00 00 00 00 00 
       00000970 00 00 00 00 00 00 00 00 00 00 
       0000097A 00 00 00 00 00 00 00 00 00 00 
       00000984 00 00 00 00 00 00 00 00 00 00 
       0000098E 00 00 00 00 00 00 00 00 00 00 
       00000998 00 00 00 00 00 00 00 00 00 00 
       000009A2 00 00 00 00 00 00 00 00 00 00 
       000009AC 00 00 00 00 00 00 00 00 00 00 
       000009B6 00 00 00 00 00 00 00 00 00 00 
       000009C0 00 00 00 00 00 00 00 00 00 00 
       000009CA 00 00 00 00 00 00 00 00 00 00 
       000009D4 00 00 00 00 00 00 00 00 00 00 
       000009DE 00 00 00 00 00 00 00 00 00 00 
       000009E8 00 00 00 00 00 00 00 00 00 00 
       000009F2 00 00 00 00 00 00 00 00 00 00 
       000009FC 00 00 00 00 00 00 00 00 00 00 
       00000A06 00 00 00 00 00 00 00 00 00 00 
       00000A10 00 00 00 00 00 00 00 00 00 00 
       00000A1A 00 00 00 00 00 00 00 00 00 00 
       00000A24 00 00 00 00 00 00 00 00 00 00 
       00000A2E 00 00 00 00 00 00 00 00 00 00 
       00000A38 00 00 00 00 00 00 00 00 00 00 
       00000A42 00 00 00 00 00 00 00 00 00 00 
       00000A4C 00 00 00 00 00 00 00 00 00 00 
       00000A56 00 00 00 00 00 00 00 00 00 00 
       00000A60 00 00 00 00 00 00 00 00 00 00 
       00000A6A 00 00 00 00 00 00 00 00 00 00 
       00000A74 00 00 00 00 00 00 00 00 00 00 
       00000A7E 00 00 00 00 00 00 00 00 00 00 
       00000A88 00 00 00 00 00 00 00 00 00 00 
       00000A92 00 00 00 00 00 00 00 00 00 00 
       00000A9C 00 00 00 00 00 00 00 00 00 00 
       00000AA6 00 00 00 00 00 00 00 00 00 00 
       00000AB0 00 00 00 00 00 00 00 00 00 00 
       00000ABA 00 00 00 00 00 00 00 00 00 00 
       00000AC4 00 00 00 00 00 00 00 00 00 00 
       00000ACE 00 00 00 00 00 00 00 00 00 00 
       00000AD8 00 00 00 00 00 00 00 00 00 00 
       00000AE2 00 00 00 00 00 00 00 00 00 00 
       00000AEC 00 00 00 00 00 00 00 00 00 00 
       00000AF6 00 00 00 00 00 00 00 00 00 00 
       00000B00 00 00 00 00 00 00 00 00 00 00 
       00000B0A 00 00 00 00 00 00 00 00 00 00 
       00000B14 00 00 00 00 00 00 00 00 00 00 
       00000B1E 00 00 00 00 00 00 00 00 00 00 
       00000B28 00 00 00 00 00 00 00 00 00 00 
       00000B32 00 00 00 00 00 00 00 00 00 00 
       00000B3C 00 00 00 00 00 00 00 00 00 00 
       00000B46 00 00 00 00 00 00 00 00 00 00 
       00000B50 00 00 00 00 00 00 00 00 00 00 
       00000B5A 00 00 00 00 00 00 00 00 00 00 
       00000B64 00 00 00 00 00 00 00 00 00 00 
       00000B6E 00 00 00 00 00 00 00 00 00 00 
       00000B78 00 00 00 00 00 00 00 00 00 00 
       00000B82 00 00 00 00 00 00 00 00 00 00 
       00000B8C 00 00 00 00 00 00 00 00 00 00 
       00000B96 00 00 00 00 00 00 00 00 00 00 
       00000BA0 00 00 00 00 00 00 00 00 00 00 
       00000BAA 00 00 00 00 00 00 00 00 00 00 
       00000BB4 00 00 00 00 00 00 00 00 00 00 
       00000BBE 00 00 00 00 00 00 00 00 00 00 
       00000BC8 00 00 00 00 00 00 00 00 00 00 
       00000BD2 00 00 00 00 00 00 00 00 00 00 
       00000BDC 00 00 00 00 00 00 00 00 00 00 
       00000BE6 00 00 00 00 00 00 00 00 00 00 
       00000BF0 00 00 00 00 00 00 00 00 00 00 
       00000BFA 00 00 00 00 00 00 00 00 00 00 
       00000C04 00 00 00 00 00 00 00 00 00 00 
       00000C0E 00 00 00 00 00 00 00 00 00 00 
       00000C18 00 00 00 00 00 00 00 00 00 00 
       00000C22 00 00 00 00 00 00 00 00 00 00 
       00000C2C 00 00 00 00 00 00 00 00 00 00 
       00000C36 00 00 00 00 00 00 00 00 00 00 
       00000C40 00 00 00 00 00 00 00 00 00 00 
       00000C4A 00 00 00 00 00 00 00 00 00 00 
       00000C54 00 00 00 00 00 00 00 00 00 00 
       00000C5E 00 00 00 00 00 00 00 00 00 00 
       00000C68 00 00 00 00 00 00 00 00 00 00 
       00000C72 00 00 00 00 00 00 00 00 00 00 
       00000C7C 00 00 00 00 00 00 00 00 00 00 
       00000C86 00 00 00 00 00 00 00 00 00 00 
       00000C90 00 00 00 00 00 00 00 00 00 00 
       00000C9A 00 00 00 00 00 00 00 00 00 00 
       00000CA4 00 00 00 00 00 00 00 00 00 00 
       00000CAE 00 00 00 00 00 00 00 00 00 00 
       00000CB8 00 00 00 00 00 00 00 00 00 00 
       00000CC2 00 00 00 00 00 00 00 00 00 00 
       00000CCC 00 00 00 00 00 00 00 00 00 00 
       00000CD6 00 00 00 00 00 00 00 00 00 00 
       00000CE0 00 00 00 00 00 00 00 00 00 00 
       00000CEA 00 00 00 00 00 00 00 00 00 00 
       00000CF4 00 00 00 00 00 00 00 00 00 00 
       00000CFE 00 00 00 00 00 00 00 00 00 00 
       00000D08 00 00 00 00 00 00 00 00 00 00 
       00000D12 00 00 00 00 00 00 00 00 00 00 
       00000D1C 00 00 00 00 00 00 00 00 00 00 
       00000D26 00 00 00 00 00 00 00 00 00 00 
       00000D30 00 00 00 00 00 00 00 00 00 00 
       00000D3A 00 00 00 00 00 00 00 00 00 00 
       00000D44 00 00 00 00 00 00 00 00 00 00 
       00000D4E 00 00 00 00 00 00 00 00 00 00 
       00000D58 00 00 00 00 00 00 00 00 00 00 
       00000D62 00 00 00 00 00 00 00 00 00 00 
       00000D6C 00 00 00 00 00 00 00 00 00 00 
       00000D76 00 00 00 00 00 00 00 00 00 00 
       00000D80 00 00 00 00 00 00 00 00 00 00 
       00000D8A 00 00 00 00 00 00 00 00 00 00 
       00000D94 00 00 00 00 00 00 00 00 00 00 
       00000D9E 00 00 00 00 00 00 00 00 00 00 
       00000DA8 00 00 00 00 00 00 00 00 00 00 
       00000DB2 00 00 00 00 00 00 00 00 00 00 
       00000DBC 00 00 00 00 00 00 00 00 00 00 
       00000DC6 00 00 00 00 00 00 00 00 00 00 
       00000DD0 00 00 00 00 00 00 00 00 00 00 
       00000DDA 00 00 00 00 00 00 00 00 00 00 
       00000DE4 00 00 00 00 00 00 00 00 00 00 
       00000DEE 00 00 00 00 00 00 00 00 00 00 
       00000DF8 00 00 00 00 00 00 00 00 00 00 
       00000E02 00 00 00 00 00 00 00 00 00 00 
       00000E0C 00 00 00 00 00 00 00 00 00 00 
       00000E16 00 00 00 00 00 00 00 00 00 00 
       00000E20 00 00 00 00 00 00 00 00 00 00 
       00000E2A 00 00 00 00 00 00 00 00 00 00 
       00000E34 00 00 00 00 00 00 00 00 00 00 
       00000E3E 00 00 00 00 00 00 00 00 00 00 
       00000E48 00 00 00 00 00 00 00 00 00 00 
       00000E52 00 00 00 00 00 00 00 00 00 00 
       00000E5C 00 00 00 00 00 00 00 00 00 00 
       00000E66 00 00 00 00 00 00 00 00 00 00 
       00000E70 00 00 00 00 00 00 00 00 00 00 
       00000E7A 00 00 00 00 00 00 00 00 00 00 
       00000E84 00 00 00 00 00 00 00 00 00 00 
       00000E8E 00 00 00 00 00 00 00 00 00 00 
       00000E98 00 00 00 00 00 00 00 00 00 00 
       00000EA2 00 00 00 00 00 00 00 00 00 00 
       00000EAC 00 00 00 00 00 00 00 00 00 00 
       00000EB6 00 00 00 00 00 00 00 00 00 00 
       00000EC0 00 00 00 00 00 00 00 00 00 00 
       00000ECA 00 00 00 00 00 00 00 00 00 00 
       00000ED4 00 00 00 00 00 00 00 00 00 00 
       00000EDE 00 00 00 00 00 00 00 00 00 00 
       00000EE8 00 00 00 00 00 00 00 00 00 00 
       00000EF2 00 00 00 00 00 00 00 00 00 00 
       00000EFC 00 00 00 00 00 00 00 00 00 00 
       00000F06 00 00 00 00 00 00 00 00 00 00 
       00000F10 00 00 00 00 00 00 00 00 00 00 
       00000F1A 00 00 00 00 00 00 00 00 00 00 
       00000F24 00 00 00 00 00 00 00 00 00 00 
       00000F2E 00 00 00 00 00 00 00 00 00 00 
       00000F38 00 00 00 00 00 00 00 00 00 00 
       00000F42 00 00 00 00 00 00 00 00 00 00 
       00000F4C 00 00 00 00 00 00 00 00 00 00 
       00000F56 00 00 00 00 00 00 00 00 00 00 
       00000F60 00 00 00 00 00 00 00 00 00 00 
       00000F6A 00 00 00 00 00 00 00 00 00 00 
       00000F74 00 00 00 00 00 00 00 00 00 00 
       00000F7E 00 00 00 00 00 00 00 00 00 00 
       00000F88 00 00 00 00 00 00 00 00 00 00 
       00000F92 00 00 00 00 00 00 00 00 00 00 
       00000F9C 00 00 00 00 00 00 00 00 00 00 
       00000FA6 00 00 00 00 00 00 00 00 00 00 
       00000FB0 00 00 00 00 00 00 00 00 00 00 
       00000FBA 00 00 00 00 00 00 00 00 00 00 
       00000FC4 00 00 00 00 00 00 00 00 00 00 
       00000FCE 00 00 00 00 00 00 00 00 00 00 
       00000FD8 00 00 00 00 00 00 00 00 00 00 
       00000FE2 00 00 00 00 00 00 00 00 00 00 
       00000FEC 00 00 00 00 00 00 00 00 00 00 
       00000FF6 00 00 00 00 00 00 00 00 00 00 
       00001000 00 00 00 00 00 00 00 00 00 00 
       0000100A 00 00 00 00 00 00 00 00 00 00 
       00001014 00 00 00 00 00 00 00 00 00 00 
       0000101E 00 00 00 00 00 00 00 00 00 00 
       00001028 00 00 00 00 00 00 00 00 00 00 
       00001032 00 00 00 00 00 00 00 00 00 00 
       0000103C 00 00 00 00 00 00 00 00 00 00 
       00001046 00 00 00 00 00 00 00 00 00 00 
       00001050 00 00 00 00 00 00 00 00 00 00 
       0000105A 00 00 00 00 00 00 00 00 00 00 
       00001064 00 00 00 00 00 00 00 00 00 00 
       0000106E 00 00 00 00 00 00 00 00 00 00 
       00001078 00 00 00 00 00 00 00 00 00 00 
       00001082 00 00 00 00 00 00 00 00 00 00 
       0000108C 00 00 00 00 00 00 00 00 00 00 
       00001096 00 00 00 00 00 00 00 00 00 00 
       000010A0 00 00 00 00 00 00 00 00 00 00 
       000010AA 00 00 00 00 00 00 00 00 00 00 
       000010B4 00 00 00 00 00 00 00 00 00 00 
       000010BE 00 00 00 00 00 00 00 00 00 00 
       000010C8 00 00 00 00 00 00 00 00 00 00 
       000010D2 00 00 00 00 00 00 00 00 00 00 
       000010DC 00 00 00 00 00 00 00 00 00 00 
       000010E6 00 00 00 00 00 00 00 00 00 00 
       000010F0 00 00 00 00 00 00 00 00 00 00 
       000010FA 00 00 00 00 00 00 00 00 00 00 
       00001104 00 00 00 00 00 00 00 00 00 00 
       0000110E 00 00 00 00 00 00 00 00 00 00 
       00001118 00 00 00 00 00 00 00 00 00 00 
       00001122 00 00 00 00 00 00 00 00 00 00 
       0000112C 00 00 00 00 00 00 00 00 00 00 
       00001136 00 00 00 00 00 00 00 00 00 00 
       00001140 00 00 00 00 00 00 00 00 00 00 
       0000114A 00 00 00 00 00 00 00 00 00 00 
       00001154 00 00 00 00 00 00 00 00 00 00 
       0000115E 00 00 00 00 00 00 00 00 00 00 
       00001168 00 00 00 00 00 00 00 00 00 00 
       00001172 00 00 00 00 00 00 00 00 00 00 
       0000117C 00 00 00 00 00 00 00 00 00 00 
       00001186 00 00 00 00 00 00 00 00 00 00 
       00001190 00 00 00 00 00 00 00 00 00 00 
       0000119A 00 00 00 00 00 00 00 00 00 00 
       000011A4 00 00 00 00 00 00 00 00 00 00 
       000011AE 00 00 00 00 00 00 00 00 00 00 
       000011B8 00 00 00 00 00 00 00 00 00 00 
       000011C2 00 00 00 00 00 00 00 00 00 00 
       000011CC 00 00 00 00 00 00 00 00 00 00 
       000011D6 00 00 00 00 00 00 00 00 00 00 
       000011E0 00 00 00 00 00 00 00 00 00 00 
       000011EA 00 00 00 00 00 00 00 00 00 00 
       000011F4 00 00 00 00 00 00 00 00 00 00 
       000011FE 00 00 00 00 00 00 00 00 00 00 
       00001208 00 00 00 00 00 00 00 00 00 00 
       00001212 00 00 00 00 00 00 00 00 00 00 
       0000121C 00 00 00 00 00 00 00 00 00 00 
       00001226 00 00 00 00 00 00 00 00 00 00 
       00001230 00 00 00 00 00 00 00 00 00 00 
       0000123A 00 00 00 00 00 00 00 00 00 00 
       00001244 00 00 00 00 00 00 00 00 00 00 
       0000124E 00 00 00 00 00 00 00 00 00 00 
       00001258 00 00 00 00 00 00 00 00 00 00 
       00001262 00 00 00 00 00 00 00 00 00 00 
       0000126C 00 00 00 00 00 00 00 00 00 00 
       00001276 00 00 00 00 00 00 00 00 00 00 
       00001280 00 00 00 00 00 00 00 00 00 00 
       0000128A 00 00 00 00 00 00 00 00 00 00 
       00001294 00 00 00 00 00 00 00 00 00 00 
       0000129E 00 00 00 00 00 00 00 00 00 00 
       000012A8 00 00 00 00 00 00 00 00 00 00 
       000012B2 00 00 00 00 00 00 00 00 00 00 
       000012BC 00 00 00 00 00 00 00 00 00 00 
       000012C6 00 00 00 00 00 00 00 00 00 00 
       000012D0 00 00 00 00 00 00 00 00 00 00 
       000012DA 00 00 00 00 00 00 00 00 00 00 
       000012E4 00 00 00 00 00 00 00 00 00 00 
       000012EE 00 00 00 00 00 00 00 00 00 00 
       000012F8 00 00 00 00 00 00 00 00 00 00 
       00001302 00 00 00 00 00 00 00 00 00 00 
       0000130C 00 00 00 00 00 00 00 00 00 00 
       00001316 00 00 00 00 00 00 00 00 00 00 
       00001320 00 00 00 00 00 00 00 00 00 00 
       0000132A 00 00 00 00 00 00 00 00 00 00 
       00001334 00 00 00 00 00 00 00 00 00 00 
       0000133E 00 00 00 00 00 00 00 00 00 00 
       00001348 00 00 00 00 00 00 00 00 00 00 
       00001352 00 00 00 00 00 00 00 00 00 00 
       0000135C 00 00 00 00 00 00 00 00 00 00 
       00001366 00 00 00 00 00 00 00 00 00 00 
       00001370 00 00 00 00 00 00 00 00 00 00 
       0000137A 00 00 00 00 00 00 00 00 00 00 
       00001384 00 00 00 00 00 00 00 00 00 00 
       0000138E 00 00 00 00 00 00 00 00 00 00 
       00001398 00 00 00 00 00 00 00 00 00 00 
       000013A2 00 00 00 00 00 00 00 00 00 00 
       000013AC 00 00 00 00 00 00 00 00 00 00 
       000013B6 00 00 00 00 00 00 00 00 00 00 
       000013C0 00 00 00 00 00 00 00 00 00 00 
       000013CA 00 00 00 00 00 00 00 00 00 00 
       000013D4 00 00 00 00 00 00 00 00 00 00 
       000013DE 00 00 00 00 00 00 00 00 00 00 
       000013E8 00 00 00 00 00 00 00 00 00 00 
       000013F2 00 00 00 00 00 00 00 00 00 00 
       000013FC 00 00 00 00 00 00 00 00 00 00 
       00001406 00 00 00 00 00 00 00 00 00 00 
       00001410 00 00 00 00 00 00 00 00 00 00 
       0000141A 00 00 00 00 00 00 00 00 00 00 
       00001424 00 00 00 00 00 00 00 00 00 00 
       0000142E 00 00 00 00 00 00 00 00 00 00 
       00001438 00 00 00 00 00 00 00 00 00 00 
       00001442 00 00 00 00 00 00 00 00 00 00 
       0000144C 00 00 00 00 00 00 00 00 00 00 
       00001456 00 00 00 00 00 00 00 00 00 00 
       00001460 00 00 00 00 00 00 00 00 00 00 
       0000146A 00 00 00 00 00 00 00 00 00 00 
       00001474 00 00 00 00 00 00 00 00 00 00 
       0000147E 00 00 00 00 00 00 00 00 00 00 
       00001488 00 00 00 00 00 00 00 00 00 00 
       00001492 00 00 00 00 00 00 00 00 00 00 
       0000149C 00 00 00 00 00 00 00 00 00 00 
       000014A6 00 00 00 00 00 00 00 00 00 00 
       000014B0 00 00 00 00 00 00 00 00 00 00 
       000014BA 00 00 00 00 00 00 00 00 00 00 
       000014C4 00 00 00 00 00 00 00 00 00 00 
       000014CE 00 00 00 00 00 00 00 00 00 00 
       000014D8 00 00 00 00 00 00 00 00 00 00 
       000014E2 00 00 00 00 00 00 00 00 00 00 
       000014EC 00 00 00 00 00 00 00 00 00 00 
       000014F6 00 00 00 00 00 00 00 00 00 00 
       00001500 00 00 00 00 00 00 00 00 00 00 
       0000150A 00 00 00 00 00 00 00 00 00 00 
       00001514 00 00 00 00 00 00 00 00 00 00 
       0000151E 00 00 00 00 00 00 00 00 00 00 
       00001528 00 00 00 00 00 00 00 00 00 00 
       00001532 00 00 00 00 00 00 00 00 00 00 
       0000153C 00 00 00 00 00 00 00 00 00 00 
       00001546 00 00 00 00 00 00 00 00 00 00 
       00001550 00 00 00 00 00 00 00 00 00 00 
       0000155A 00 00 00 00 00 00 00 00 00 00 
       00001564 00 00 00 00 00 00 00 00 00 00 
       0000156E 00 00 00 00 00 00 00 00 00 00 
       00001578 00 00 00 00 00 00 00 00 00 00 
       00001582 00 00 00 00 00 00 00 00 00 00 
       0000158C 00 00 00 00 00 00 00 00 00 00 
       00001596 00 00 00 00 00 00 00 00 00 00 
       000015A0 00 00 00 00 00 00 00 00 00 00 
       000015AA 00 00 00 00 00 00 00 00 00 00 
       000015B4 00 00 00 00 00 00 00 00 00 00 
       000015BE 00 00 00 00 00 00 00 00 00 00 
       000015C8 00 00 00 00 00 00 00 00 00 00 
       000015D2 00 00 00 00 00 00 00 00 00 00 
       000015DC 00 00 00 00 00 00 00 00 00 00 
       000015E6 00 00 00 00 00 00 00 00 00 00 
       000015F0 00 00 00 00 00 00 00 00 00 00 
       000015FA 00 00 00 00 00 00 00 00 00 00 
       00001604 00 00 00 00 00 00 00 00 00 00 
       0000160E 00 00 00 00 00 00 00 00 00 00 
       00001618 00 00 00 00 00 00 00 00 00 00 
       00001622 00 00 00 00 00 00 00 00 00 00 
       0000162C 00 00 00 00 00 00 00 00 00 00 
       00001636 00 00 00 00 00 00 00 00 00 00 
       00001640 00 00 00 00 00 00 00 00 00 00 
       0000164A 00 00 00 00 00 00 00 00 00 00 
       00001654 00 00 00 00 00 00 00 00 00 00 
       0000165E 00 00 00 00 00 00 00 00 00 00 
       00001668 00 00 00 00 00 00 00 00 00 00 
       00001672 00 00 00 00 00 00 00 00 00 00 
       0000167C 00 00 00 00 00 00 00 00 00 00 
       00001686 00 00 00 00 00 00 00 00 00 00 
       00001690 00 00 00 00 00 00 00 00 00 00 
       0000169A 00 00 00 00 00 00 00 00 00 00 
       000016A4 00 00 00 00 00 00 00 00 00 00 
       000016AE 00 00 00 00 00 00 00 00 00 00 
       000016B8 00 00 00 00 00 00 00 00 00 00 
       000016C2 00 00 00 00 00 00 00 00 00 00 
       000016CC 00 00 00 00 00 00 00 00 00 00 
       000016D6 00 00 00 00 00 00 00 00 00 00 
       000016E0 00 00 00 00 00 00 00 00 00 00 
       000016EA 00 00 00 00 00 00 00 00 00 00 
       000016F4 00 00 00 00 00 00 00 00 00 00 
       000016FE 00 00 00 00 00 00 00 00 00 00 
       00001708 00 00 00 00 00 00 00 00 00 00 
       00001712 00 00 00 00 00 00 00 00 00 00 
       0000171C 00 00 00 00 00 00 00 00 00 00 
       00001726 00 00 00 00 00 00 00 00 00 00 
       00001730 00 00 00 00 00 00 00 00 00 00 
       0000173A 00 00 00 00 00 00 00 00 00 00 
       00001744 00 00 00 00 00 00 00 00 00 00 
       0000174E 00 00 00 00 00 00 00 00 00 00 
       00001758 00 00 00 00 00 00 00 00 00 00 
       00001762 00 00 00 00 00 00 00 00 00 00 
       0000176C 00 00 00 00 00 00 00 00 00 00 
       00001776 00 00 00 00 00 00 00 00 00 00 
       00001780 00 00 00 00 00 00 00 00 00 00 
       0000178A 00 00 00 00 00 00 00 00 00 00 
       00001794 00 00 00 00 00 00 00 00 00 00 
       0000179E 00 00 00 00 00 00 00 00 00 00 
       000017A8 00 00 00 00 00 00 00 00 00 00 
       000017B2 00 00 00 00 00 00 00 00 00 00 
       000017BC 00 00 00 00 00 00 00 00 00 00 
       000017C6 00 00 00 00 00 00 00 00 00 00 
       000017D0 00 00 00 00 00 00 00 00 00 00 
       000017DA 00 00 00 00 00 00 00 00 00 00 
       000017E4 00 00 00 00 00 00 00 00 00 00 
       000017EE 00 00 00 00 00 00 00 00 00 00 
       000017F8 00 00 00 00 00 00 00 00 00 00 
       00001802 00 00 00 00 00 00 00 00 00 00 
       0000180C 00 00 00 00 00 00 00 00 00 00 
       00001816 00 00 00 00 00 00 00 00 00 00 
       00001820 00 00 00 00 00 00 00 00 00 00 
       0000182A 00 00 00 00 00 00 00 00 00 00 
       00001834 00 00 00 00 00 00 00 00 00 00 
       0000183E 00 00 00 00 00 00 00 00 00 00 
       00001848 00 00 00 00 00 00 00 00 00 00 
       00001852 00 00 00 00 00 00 00 00 00 00 
       0000185C 00 00 00 00 00 00 00 00 00 00 
       00001866 00 00 00 00 00 00 00 00 00 00 
       00001870 00 00 00 00 00 00 00 00 00 00 
       0000187A 00 00 00 00 00 00 00 00 00 00 
       00001884 00 00 00 00 00 00 00 00 00 00 
       0000188E 00 00 00 00 00 00 00 00 00 00 
       00001898 00 00 00 00 00 00 00 00 00 00 
       000018A2 00 00 00 00 00 00 00 00 00 00 
       000018AC 00 00 00 00 00 00 00 00 00 00 
       000018B6 00 00 00 00 00 00 00 00 00 00 
       000018C0 00 00 00 00 00 00 00 00 00 00 
       000018CA 00 00 00 00 00 00 00 00 00 00 
       000018D4 00 00 00 00 00 00 00 00 00 00 
       000018DE 00 00 00 00 00 00 00 00 00 00 
       000018E8 00 00 00 00 00 00 00 00 00 00 
       000018F2 00 00 00 00 00 00 00 00 00 00 
       000018FC 00 00 00 00 00 00 00 00 00 00 
       00001906 00 00 00 00 00 00 00 00 00 00 
       00001910 00 00 00 00 00 00 00 00 00 00 
       0000191A 00 00 00 00 00 00 00 00 00 00 
       00001924 00 00 00 00 00 00 00 00 00 00 
       0000192E 00 00 00 00 00 00 00 00 00 00 
       00001938 00 00 00 00 00 00 00 00 00 00 
       00001942 00 00 00 00 00 00 00 00 00 00 
       0000194C 00 00 00 00 00 00 00 00 00 00 
       00001956 00 00 00 00 00 00 00 00 00 00 
       00001960 00 00 00 00 00 00 00 00 00 00 
       0000196A 00 00 00 00 00 00 00 00 00 00 
       00001974 00 00 00 00 00 00 00 00 00 00 
       0000197E 00 00 00 00 00 00 00 00 00 00 
       00001988 00 00 00 00 00 00 00 00 00 00 
       00001992 00 00 00 00 00 00 00 00 00 00 
       0000199C 00 00 00 00 00 00 00 00 00 00 
       000019A6 00 00 00 00 00 00 00 00 00 00 
       000019B0 00 00 00 00 00 00 00 00 00 00 
       000019BA 00 00 00 00 00 00 00 00 00 00 
       000019C4 00 00 00 00 00 00 00 00 00 00 
       000019CE 00 00 00 00 00 00 00 00 00 00 
       000019D8 00 00 00 00 00 00 00 00 00 00 
       000019E2 00 00 00 00 00 00 00 00 00 00 
       000019EC 00 00 00 00 00 00 00 00 00 00 
       000019F6 00 00 00 00 00 00 00 00 00 00 
       00001A00 00 00 00 00 00 00 00 00 00 00 
       00001A0A 00 00 00 00 00 00 00 00 00 00 
       00001A14 00 00 00 00 00 00 00 00 00 00 
       00001A1E 00 00 00 00 00 00 00 00 00 00 
       00001A28 00 00 00 00 00 00 00 00 00 00 
       00001A32 00 00 00 00 00 00 00 00 00 00 
       00001A3C 00 00 00 00 00 00 00 00 00 00 
       00001A46 00 00 00 00 00 00 00 00 00 00 
       00001A50 00 00 00 00 00 00 00 00 00 00 
       00001A5A 00 00 00 00 00 00 00 00 00 00 
       00001A64 00 00 00 00 00 00 00 00 00 00 
       00001A6E 00 00 00 00 00 00 00 00 00 00 
       00001A78 00 00 00 00 00 00 00 00 00 00 
       00001A82 00 00 00 00 00 00 00 00 00 00 
       00001A8C 00 00 00 00 00 00 00 00 00 00 
       00001A96 00 00 00 00 00 00 00 00 00 00 
       00001AA0 00 00 00 00 00 00 00 00 00 00 
       00001AAA 00 00 00 00 00 00 00 00 00 00 
       00001AB4 00 00 00 00 00 00 00 00 00 00 
       00001ABE 00 00 00 00 00 00 00 00 00 00 
       00001AC8 00 00 00 00 00 00 00 00 00 00 
       00001AD2 00 00 00 00 00 00 00 00 00 00 
       00001ADC 00 00 00 00 00 00 00 00 00 00 
       00001AE6 00 00 00 00 00 00 00 00 00 00 
       00001AF0 00 00 00 00 00 00 00 00 00 00 
       00001AFA 00 00 00 00 00 00 00 00 00 00 
       00001B04 00 00 00 00 00 00 00 00 00 00 
       00001B0E 00 00 00 00 00 00 00 00 00 00 
       00001B18 00 00 00 00 00 00 00 00 00 00 
       00001B22 00 00 00 00 00 00 00 00 00 00 
       00001B2C 00 00 00 00 00 00 00 00 00 00 
       00001B36 00 00 00 00 00 00 00 00 00 00 
       00001B40 00 00 00 00 00 00 00 00 00 00 
       00001B4A 00 00 00 00 00 00 00 00 00 00 
       00001B54 00 00 00 00 00 00 00 00 00 00 
       00001B5E 00 00 00 00 00 00 00 00 00 00 
       00001B68 00 00 00 00 00 00 00 00 00 00 
       00001B72 00 00 00 00 00 00 00 00 00 00 
       00001B7C 00 00 00 00 00 00 00 00 00 00 
       00001B86 00 00 00 00 00 00 00 00 00 00 
       00001B90 00 00 00 00 00 00 00 00 00 00 
       00001B9A 00 00 00 00 00 00 00 00 00 00 
       00001BA4 00 00 00 00 00 00 00 00 00 00 
       00001BAE 00 00 00 00 00 00 00 00 00 00 
       00001BB8 00 00 00 00 00 00 00 00 00 00 
       00001BC2 00 00 00 00 00 00 00 00 00 00 
       00001BCC 00 00 00 00 00 00 00 00 00 00 
       00001BD6 00 00 00 00 00 00 00 00 00 00 
       00001BE0 00 00 00 00 00 00 00 00 00 00 
       00001BEA 00 00 00 00 00 00 00 00 00 00 
       00001BF4 00 00 00 00 00 00 00 00 00 00 
       00001BFE 00 00 00 00 00 00 00 00 00 00 
       00001C08 00 00 00 00 00 00 00 00 00 00 
       00001C12 00 00 00 00 00 00 00 00 00 00 
       00001C1C 00 00 00 00 00 00 00 00 00 00 
       00001C26 00 00 00 00 00 00 00 00 00 00 
       00001C30 00 00 00 00 00 00 00 00 00 00 
       00001C3A 00 00 00 00 00 00 00 00 00 00 
       00001C44 00 00 00 00 00 00 00 00 00 00 
       00001C4E 00 00 00 00 00 00 00 00 00 00 
       00001C58 00 00 00 00 00 00 00 00 00 00 
       00001C62 00 00 00 00 00 00 00 00 00 00 
       00001C6C 00 00 00 00 00 00 00 00 00 00 
       00001C76 00 00 00 00 00 00 00 00 00 00 
       00001C80 00 00 00 00 00 00 00 00 00 00 
       00001C8A 00 00 00 00 00 00 00 00 00 00 
       00001C94 00 00 00 00 00 00 00 00 00 00 
       00001C9E 00 00 00 00 00 00 00 00 00 00 
       00001CA8 00 00 00 00 00 00 00 00 00 00 
       00001CB2 00 00 00 00 00 00 00 00 00 00 
       00001CBC 00 00 00 00 00 00 00 00 00 00 
       00001CC6 00 00 00 00 00 00 00 00 00 00 
       00001CD0 00 00 00 00 00 00 00 00 00 00 
       00001CDA 00 00 00 00 00 00 00 00 00 00 
       00001CE4 00 00 00 00 00 00 00 00 00 00 
       00001CEE 00 00 00 00 00 00 00 00 00 00 
       00001CF8 00 00 00 00 00 00 00 00 00 00 
       00001D02 00 00 00 00 00 00 00 00 00 00 
       00001D0C 00 00 00 00 00 00 00 00 00 00 
       00001D16 00 00 00 00 00 00 00 00 00 00 
       00001D20 00 00 00 00 00 00 00 00 00 00 
       00001D2A 00 00 00 00 00 00 00 00 00 00 
       00001D34 00 00 00 00 00 00 00 00 00 00 
       00001D3E 00 00 00 00 00 00 00 00 00 00 
       00001D48 00 00 00 00 00 00 00 00 00 00 
       00001D52 00 00 00 00 00 00 00 00 00 00 
