     1 00000000                                 [FORMAT "WCOFF"]
     2 00000000                                 [INSTRSET "i486p"]
     3 00000000                                 [OPTIMIZE 1]
     4 00000000                                 [OPTION 1]
     5 00000000                                 [BITS 32]
     6 00000000                                 	EXTERN	_win_open
     7 00000000                                 	EXTERN	_win_fill
     8 00000000                                 	EXTERN	_win_puts
     9 00000000                                 	EXTERN	_api_end
    10 00000000                                 [FILE "win2.c"]
    11                                          [SECTION .data]
    12 00000000                                 LC0:
    13 00000000 57 69 6E 64 6F 77 00            	DB	"Window",0x00
    14 00000007                                 LC1:
    15 00000007 48 65 6C 6C 6F 2C 20 77 6F 72   	DB	"Hello, world!",0x00
       00000011 6C 64 21 00 
    16                                          [SECTION .text]
    17 00000000                                 	GLOBAL	_HariMain
    18 00000000                                 _HariMain:
    19 00000000 55                              	PUSH	EBP
    20 00000001 89 E5                           	MOV	EBP,ESP
    21 00000003 53                              	PUSH	EBX
    22 00000004 68 [00000000]                   	PUSH	LC0
    23 00000009 6A FF                           	PUSH	-1
    24 0000000B 6A 32                           	PUSH	50
    25 0000000D 68 00000096                     	PUSH	150
    26 00000012 68 [00000020]                   	PUSH	_buf
    27 00000017 E8 [00000000]                   	CALL	_win_open
    28 0000001C 6A 03                           	PUSH	3
    29 0000001E 6A 2B                           	PUSH	43
    30 00000020 89 C3                           	MOV	EBX,EAX
    31 00000022 68 0000008D                     	PUSH	141
    32 00000027 6A 1A                           	PUSH	26
    33 00000029 6A 08                           	PUSH	8
    34 0000002B 50                              	PUSH	EAX
    35 0000002C E8 [00000000]                   	CALL	_win_fill
    36 00000031 83 C4 2C                        	ADD	ESP,44
    37 00000034 68 [00000007]                   	PUSH	LC1
    38 00000039 6A 0D                           	PUSH	13
    39 0000003B 6A 00                           	PUSH	0
    40 0000003D 6A 1C                           	PUSH	28
    41 0000003F 6A 1C                           	PUSH	28
    42 00000041 53                              	PUSH	EBX
    43 00000042 E8 [00000000]                   	CALL	_win_puts
    44 00000047 8B 5D FC                        	MOV	EBX,DWORD [-4+EBP]
    45 0000004A 83 C4 18                        	ADD	ESP,24
    46 0000004D C9                              	LEAVE
    47 0000004E E9 [00000000]                   	JMP	_api_end
    48 00000053                                 	GLOBAL	_buf
    49                                          [SECTION .data]
    50 00000015 00 00 00 00 00 00 00 00 00 00   	ALIGNB	16
       0000001F 00 
    51 00000020                                 _buf:
    52 00000020 00 00 00 00 00 00 00 00 00 00   	RESB	7500
       0000002A 00 00 00 00 00 00 00 00 00 00 
       00000034 00 00 00 00 00 00 00 00 00 00 
       0000003E 00 00 00 00 00 00 00 00 00 00 
       00000048 00 00 00 00 00 00 00 00 00 00 
       00000052 00 00 00 00 00 00 00 00 00 00 
       0000005C 00 00 00 00 00 00 00 00 00 00 
       00000066 00 00 00 00 00 00 00 00 00 00 
       00000070 00 00 00 00 00 00 00 00 00 00 
       0000007A 00 00 00 00 00 00 00 00 00 00 
       00000084 00 00 00 00 00 00 00 00 00 00 
       0000008E 00 00 00 00 00 00 00 00 00 00 
       00000098 00 00 00 00 00 00 00 00 00 00 
       000000A2 00 00 00 00 00 00 00 00 00 00 
       000000AC 00 00 00 00 00 00 00 00 00 00 
       000000B6 00 00 00 00 00 00 00 00 00 00 
       000000C0 00 00 00 00 00 00 00 00 00 00 
       000000CA 00 00 00 00 00 00 00 00 00 00 
       000000D4 00 00 00 00 00 00 00 00 00 00 
       000000DE 00 00 00 00 00 00 00 00 00 00 
       000000E8 00 00 00 00 00 00 00 00 00 00 
       000000F2 00 00 00 00 00 00 00 00 00 00 
       000000FC 00 00 00 00 00 00 00 00 00 00 
       00000106 00 00 00 00 00 00 00 00 00 00 
       00000110 00 00 00 00 00 00 00 00 00 00 
       0000011A 00 00 00 00 00 00 00 00 00 00 
       00000124 00 00 00 00 00 00 00 00 00 00 
       0000012E 00 00 00 00 00 00 00 00 00 00 
       00000138 00 00 00 00 00 00 00 00 00 00 
       00000142 00 00 00 00 00 00 00 00 00 00 
       0000014C 00 00 00 00 00 00 00 00 00 00 
       00000156 00 00 00 00 00 00 00 00 00 00 
       00000160 00 00 00 00 00 00 00 00 00 00 
       0000016A 00 00 00 00 00 00 00 00 00 00 
       00000174 00 00 00 00 00 00 00 00 00 00 
       0000017E 00 00 00 00 00 00 00 00 00 00 
       00000188 00 00 00 00 00 00 00 00 00 00 
       00000192 00 00 00 00 00 00 00 00 00 00 
       0000019C 00 00 00 00 00 00 00 00 00 00 
       000001A6 00 00 00 00 00 00 00 00 00 00 
       000001B0 00 00 00 00 00 00 00 00 00 00 
       000001BA 00 00 00 00 00 00 00 00 00 00 
       000001C4 00 00 00 00 00 00 00 00 00 00 
       000001CE 00 00 00 00 00 00 00 00 00 00 
       000001D8 00 00 00 00 00 00 00 00 00 00 
       000001E2 00 00 00 00 00 00 00 00 00 00 
       000001EC 00 00 00 00 00 00 00 00 00 00 
       000001F6 00 00 00 00 00 00 00 00 00 00 
       00000200 00 00 00 00 00 00 00 00 00 00 
       0000020A 00 00 00 00 00 00 00 00 00 00 
       00000214 00 00 00 00 00 00 00 00 00 00 
       0000021E 00 00 00 00 00 00 00 00 00 00 
       00000228 00 00 00 00 00 00 00 00 00 00 
       00000232 00 00 00 00 00 00 00 00 00 00 
       0000023C 00 00 00 00 00 00 00 00 00 00 
       00000246 00 00 00 00 00 00 00 00 00 00 
       00000250 00 00 00 00 00 00 00 00 00 00 
       0000025A 00 00 00 00 00 00 00 00 00 00 
       00000264 00 00 00 00 00 00 00 00 00 00 
       0000026E 00 00 00 00 00 00 00 00 00 00 
       00000278 00 00 00 00 00 00 00 00 00 00 
       00000282 00 00 00 00 00 00 00 00 00 00 
       0000028C 00 00 00 00 00 00 00 00 00 00 
       00000296 00 00 00 00 00 00 00 00 00 00 
       000002A0 00 00 00 00 00 00 00 00 00 00 
       000002AA 00 00 00 00 00 00 00 00 00 00 
       000002B4 00 00 00 00 00 00 00 00 00 00 
       000002BE 00 00 00 00 00 00 00 00 00 00 
       000002C8 00 00 00 00 00 00 00 00 00 00 
       000002D2 00 00 00 00 00 00 00 00 00 00 
       000002DC 00 00 00 00 00 00 00 00 00 00 
       000002E6 00 00 00 00 00 00 00 00 00 00 
       000002F0 00 00 00 00 00 00 00 00 00 00 
       000002FA 00 00 00 00 00 00 00 00 00 00 
       00000304 00 00 00 00 00 00 00 00 00 00 
       0000030E 00 00 00 00 00 00 00 00 00 00 
       00000318 00 00 00 00 00 00 00 00 00 00 
       00000322 00 00 00 00 00 00 00 00 00 00 
       0000032C 00 00 00 00 00 00 00 00 00 00 
       00000336 00 00 00 00 00 00 00 00 00 00 
       00000340 00 00 00 00 00 00 00 00 00 00 
       0000034A 00 00 00 00 00 00 00 00 00 00 
       00000354 00 00 00 00 00 00 00 00 00 00 
       0000035E 00 00 00 00 00 00 00 00 00 00 
       00000368 00 00 00 00 00 00 00 00 00 00 
       00000372 00 00 00 00 00 00 00 00 00 00 
       0000037C 00 00 00 00 00 00 00 00 00 00 
       00000386 00 00 00 00 00 00 00 00 00 00 
       00000390 00 00 00 00 00 00 00 00 00 00 
       0000039A 00 00 00 00 00 00 00 00 00 00 
       000003A4 00 00 00 00 00 00 00 00 00 00 
       000003AE 00 00 00 00 00 00 00 00 00 00 
       000003B8 00 00 00 00 00 00 00 00 00 00 
       000003C2 00 00 00 00 00 00 00 00 00 00 
       000003CC 00 00 00 00 00 00 00 00 00 00 
       000003D6 00 00 00 00 00 00 00 00 00 00 
       000003E0 00 00 00 00 00 00 00 00 00 00 
       000003EA 00 00 00 00 00 00 00 00 00 00 
       000003F4 00 00 00 00 00 00 00 00 00 00 
       000003FE 00 00 00 00 00 00 00 00 00 00 
       00000408 00 00 00 00 00 00 00 00 00 00 
       00000412 00 00 00 00 00 00 00 00 00 00 
       0000041C 00 00 00 00 00 00 00 00 00 00 
       00000426 00 00 00 00 00 00 00 00 00 00 
       00000430 00 00 00 00 00 00 00 00 00 00 
       0000043A 00 00 00 00 00 00 00 00 00 00 
       00000444 00 00 00 00 00 00 00 00 00 00 
       0000044E 00 00 00 00 00 00 00 00 00 00 
       00000458 00 00 00 00 00 00 00 00 00 00 
       00000462 00 00 00 00 00 00 00 00 00 00 
       0000046C 00 00 00 00 00 00 00 00 00 00 
       00000476 00 00 00 00 00 00 00 00 00 00 
       00000480 00 00 00 00 00 00 00 00 00 00 
       0000048A 00 00 00 00 00 00 00 00 00 00 
       00000494 00 00 00 00 00 00 00 00 00 00 
       0000049E 00 00 00 00 00 00 00 00 00 00 
       000004A8 00 00 00 00 00 00 00 00 00 00 
       000004B2 00 00 00 00 00 00 00 00 00 00 
       000004BC 00 00 00 00 00 00 00 00 00 00 
       000004C6 00 00 00 00 00 00 00 00 00 00 
       000004D0 00 00 00 00 00 00 00 00 00 00 
       000004DA 00 00 00 00 00 00 00 00 00 00 
       000004E4 00 00 00 00 00 00 00 00 00 00 
       000004EE 00 00 00 00 00 00 00 00 00 00 
       000004F8 00 00 00 00 00 00 00 00 00 00 
       00000502 00 00 00 00 00 00 00 00 00 00 
       0000050C 00 00 00 00 00 00 00 00 00 00 
       00000516 00 00 00 00 00 00 00 00 00 00 
       00000520 00 00 00 00 00 00 00 00 00 00 
       0000052A 00 00 00 00 00 00 00 00 00 00 
       00000534 00 00 00 00 00 00 00 00 00 00 
       0000053E 00 00 00 00 00 00 00 00 00 00 
       00000548 00 00 00 00 00 00 00 00 00 00 
       00000552 00 00 00 00 00 00 00 00 00 00 
       0000055C 00 00 00 00 00 00 00 00 00 00 
       00000566 00 00 00 00 00 00 00 00 00 00 
       00000570 00 00 00 00 00 00 00 00 00 00 
       0000057A 00 00 00 00 00 00 00 00 00 00 
       00000584 00 00 00 00 00 00 00 00 00 00 
       0000058E 00 00 00 00 00 00 00 00 00 00 
       00000598 00 00 00 00 00 00 00 00 00 00 
       000005A2 00 00 00 00 00 00 00 00 00 00 
       000005AC 00 00 00 00 00 00 00 00 00 00 
       000005B6 00 00 00 00 00 00 00 00 00 00 
       000005C0 00 00 00 00 00 00 00 00 00 00 
       000005CA 00 00 00 00 00 00 00 00 00 00 
       000005D4 00 00 00 00 00 00 00 00 00 00 
       000005DE 00 00 00 00 00 00 00 00 00 00 
       000005E8 00 00 00 00 00 00 00 00 00 00 
       000005F2 00 00 00 00 00 00 00 00 00 00 
       000005FC 00 00 00 00 00 00 00 00 00 00 
       00000606 00 00 00 00 00 00 00 00 00 00 
       00000610 00 00 00 00 00 00 00 00 00 00 
       0000061A 00 00 00 00 00 00 00 00 00 00 
       00000624 00 00 00 00 00 00 00 00 00 00 
       0000062E 00 00 00 00 00 00 00 00 00 00 
       00000638 00 00 00 00 00 00 00 00 00 00 
       00000642 00 00 00 00 00 00 00 00 00 00 
       0000064C 00 00 00 00 00 00 00 00 00 00 
       00000656 00 00 00 00 00 00 00 00 00 00 
       00000660 00 00 00 00 00 00 00 00 00 00 
       0000066A 00 00 00 00 00 00 00 00 00 00 
       00000674 00 00 00 00 00 00 00 00 00 00 
       0000067E 00 00 00 00 00 00 00 00 00 00 
       00000688 00 00 00 00 00 00 00 00 00 00 
       00000692 00 00 00 00 00 00 00 00 00 00 
       0000069C 00 00 00 00 00 00 00 00 00 00 
       000006A6 00 00 00 00 00 00 00 00 00 00 
       000006B0 00 00 00 00 00 00 00 00 00 00 
       000006BA 00 00 00 00 00 00 00 00 00 00 
       000006C4 00 00 00 00 00 00 00 00 00 00 
       000006CE 00 00 00 00 00 00 00 00 00 00 
       000006D8 00 00 00 00 00 00 00 00 00 00 
       000006E2 00 00 00 00 00 00 00 00 00 00 
       000006EC 00 00 00 00 00 00 00 00 00 00 
       000006F6 00 00 00 00 00 00 00 00 00 00 
       00000700 00 00 00 00 00 00 00 00 00 00 
       0000070A 00 00 00 00 00 00 00 00 00 00 
       00000714 00 00 00 00 00 00 00 00 00 00 
       0000071E 00 00 00 00 00 00 00 00 00 00 
       00000728 00 00 00 00 00 00 00 00 00 00 
       00000732 00 00 00 00 00 00 00 00 00 00 
       0000073C 00 00 00 00 00 00 00 00 00 00 
       00000746 00 00 00 00 00 00 00 00 00 00 
       00000750 00 00 00 00 00 00 00 00 00 00 
       0000075A 00 00 00 00 00 00 00 00 00 00 
       00000764 00 00 00 00 00 00 00 00 00 00 
       0000076E 00 00 00 00 00 00 00 00 00 00 
       00000778 00 00 00 00 00 00 00 00 00 00 
       00000782 00 00 00 00 00 00 00 00 00 00 
       0000078C 00 00 00 00 00 00 00 00 00 00 
       00000796 00 00 00 00 00 00 00 00 00 00 
       000007A0 00 00 00 00 00 00 00 00 00 00 
       000007AA 00 00 00 00 00 00 00 00 00 00 
       000007B4 00 00 00 00 00 00 00 00 00 00 
       000007BE 00 00 00 00 00 00 00 00 00 00 
       000007C8 00 00 00 00 00 00 00 00 00 00 
       000007D2 00 00 00 00 00 00 00 00 00 00 
       000007DC 00 00 00 00 00 00 00 00 00 00 
       000007E6 00 00 00 00 00 00 00 00 00 00 
       000007F0 00 00 00 00 00 00 00 00 00 00 
       000007FA 00 00 00 00 00 00 00 00 00 00 
       00000804 00 00 00 00 00 00 00 00 00 00 
       0000080E 00 00 00 00 00 00 00 00 00 00 
       00000818 00 00 00 00 00 00 00 00 00 00 
       00000822 00 00 00 00 00 00 00 00 00 00 
       0000082C 00 00 00 00 00 00 00 00 00 00 
       00000836 00 00 00 00 00 00 00 00 00 00 
       00000840 00 00 00 00 00 00 00 00 00 00 
       0000084A 00 00 00 00 00 00 00 00 00 00 
       00000854 00 00 00 00 00 00 00 00 00 00 
       0000085E 00 00 00 00 00 00 00 00 00 00 
       00000868 00 00 00 00 00 00 00 00 00 00 
       00000872 00 00 00 00 00 00 00 00 00 00 
       0000087C 00 00 00 00 00 00 00 00 00 00 
       00000886 00 00 00 00 00 00 00 00 00 00 
       00000890 00 00 00 00 00 00 00 00 00 00 
       0000089A 00 00 00 00 00 00 00 00 00 00 
       000008A4 00 00 00 00 00 00 00 00 00 00 
       000008AE 00 00 00 00 00 00 00 00 00 00 
       000008B8 00 00 00 00 00 00 00 00 00 00 
       000008C2 00 00 00 00 00 00 00 00 00 00 
       000008CC 00 00 00 00 00 00 00 00 00 00 
       000008D6 00 00 00 00 00 00 00 00 00 00 
       000008E0 00 00 00 00 00 00 00 00 00 00 
       000008EA 00 00 00 00 00 00 00 00 00 00 
       000008F4 00 00 00 00 00 00 00 00 00 00 
       000008FE 00 00 00 00 00 00 00 00 00 00 
       00000908 00 00 00 00 00 00 00 00 00 00 
       00000912 00 00 00 00 00 00 00 00 00 00 
       0000091C 00 00 00 00 00 00 00 00 00 00 
       00000926 00 00 00 00 00 00 00 00 00 00 
       00000930 00 00 00 00 00 00 00 00 00 00 
       0000093A 00 00 00 00 00 00 00 00 00 00 
       00000944 00 00 00 00 00 00 00 00 00 00 
       0000094E 00 00 00 00 00 00 00 00 00 00 
       00000958 00 00 00 00 00 00 00 00 00 00 
       00000962 00 00 00 00 00 00 00 00 00 00 
       0000096C 00 00 00 00 00 00 00 00 00 00 
       00000976 00 00 00 00 00 00 00 00 00 00 
       00000980 00 00 00 00 00 00 00 00 00 00 
       0000098A 00 00 00 00 00 00 00 00 00 00 
       00000994 00 00 00 00 00 00 00 00 00 00 
       0000099E 00 00 00 00 00 00 00 00 00 00 
       000009A8 00 00 00 00 00 00 00 00 00 00 
       000009B2 00 00 00 00 00 00 00 00 00 00 
       000009BC 00 00 00 00 00 00 00 00 00 00 
       000009C6 00 00 00 00 00 00 00 00 00 00 
       000009D0 00 00 00 00 00 00 00 00 00 00 
       000009DA 00 00 00 00 00 00 00 00 00 00 
       000009E4 00 00 00 00 00 00 00 00 00 00 
       000009EE 00 00 00 00 00 00 00 00 00 00 
       000009F8 00 00 00 00 00 00 00 00 00 00 
       00000A02 00 00 00 00 00 00 00 00 00 00 
       00000A0C 00 00 00 00 00 00 00 00 00 00 
       00000A16 00 00 00 00 00 00 00 00 00 00 
       00000A20 00 00 00 00 00 00 00 00 00 00 
       00000A2A 00 00 00 00 00 00 00 00 00 00 
       00000A34 00 00 00 00 00 00 00 00 00 00 
       00000A3E 00 00 00 00 00 00 00 00 00 00 
       00000A48 00 00 00 00 00 00 00 00 00 00 
       00000A52 00 00 00 00 00 00 00 00 00 00 
       00000A5C 00 00 00 00 00 00 00 00 00 00 
       00000A66 00 00 00 00 00 00 00 00 00 00 
       00000A70 00 00 00 00 00 00 00 00 00 00 
       00000A7A 00 00 00 00 00 00 00 00 00 00 
       00000A84 00 00 00 00 00 00 00 00 00 00 
       00000A8E 00 00 00 00 00 00 00 00 00 00 
       00000A98 00 00 00 00 00 00 00 00 00 00 
       00000AA2 00 00 00 00 00 00 00 00 00 00 
       00000AAC 00 00 00 00 00 00 00 00 00 00 
       00000AB6 00 00 00 00 00 00 00 00 00 00 
       00000AC0 00 00 00 00 00 00 00 00 00 00 
       00000ACA 00 00 00 00 00 00 00 00 00 00 
       00000AD4 00 00 00 00 00 00 00 00 00 00 
       00000ADE 00 00 00 00 00 00 00 00 00 00 
       00000AE8 00 00 00 00 00 00 00 00 00 00 
       00000AF2 00 00 00 00 00 00 00 00 00 00 
       00000AFC 00 00 00 00 00 00 00 00 00 00 
       00000B06 00 00 00 00 00 00 00 00 00 00 
       00000B10 00 00 00 00 00 00 00 00 00 00 
       00000B1A 00 00 00 00 00 00 00 00 00 00 
       00000B24 00 00 00 00 00 00 00 00 00 00 
       00000B2E 00 00 00 00 00 00 00 00 00 00 
       00000B38 00 00 00 00 00 00 00 00 00 00 
       00000B42 00 00 00 00 00 00 00 00 00 00 
       00000B4C 00 00 00 00 00 00 00 00 00 00 
       00000B56 00 00 00 00 00 00 00 00 00 00 
       00000B60 00 00 00 00 00 00 00 00 00 00 
       00000B6A 00 00 00 00 00 00 00 00 00 00 
       00000B74 00 00 00 00 00 00 00 00 00 00 
       00000B7E 00 00 00 00 00 00 00 00 00 00 
       00000B88 00 00 00 00 00 00 00 00 00 00 
       00000B92 00 00 00 00 00 00 00 00 00 00 
       00000B9C 00 00 00 00 00 00 00 00 00 00 
       00000BA6 00 00 00 00 00 00 00 00 00 00 
       00000BB0 00 00 00 00 00 00 00 00 00 00 
       00000BBA 00 00 00 00 00 00 00 00 00 00 
       00000BC4 00 00 00 00 00 00 00 00 00 00 
       00000BCE 00 00 00 00 00 00 00 00 00 00 
       00000BD8 00 00 00 00 00 00 00 00 00 00 
       00000BE2 00 00 00 00 00 00 00 00 00 00 
       00000BEC 00 00 00 00 00 00 00 00 00 00 
       00000BF6 00 00 00 00 00 00 00 00 00 00 
       00000C00 00 00 00 00 00 00 00 00 00 00 
       00000C0A 00 00 00 00 00 00 00 00 00 00 
       00000C14 00 00 00 00 00 00 00 00 00 00 
       00000C1E 00 00 00 00 00 00 00 00 00 00 
       00000C28 00 00 00 00 00 00 00 00 00 00 
       00000C32 00 00 00 00 00 00 00 00 00 00 
       00000C3C 00 00 00 00 00 00 00 00 00 00 
       00000C46 00 00 00 00 00 00 00 00 00 00 
       00000C50 00 00 00 00 00 00 00 00 00 00 
       00000C5A 00 00 00 00 00 00 00 00 00 00 
       00000C64 00 00 00 00 00 00 00 00 00 00 
       00000C6E 00 00 00 00 00 00 00 00 00 00 
       00000C78 00 00 00 00 00 00 00 00 00 00 
       00000C82 00 00 00 00 00 00 00 00 00 00 
       00000C8C 00 00 00 00 00 00 00 00 00 00 
       00000C96 00 00 00 00 00 00 00 00 00 00 
       00000CA0 00 00 00 00 00 00 00 00 00 00 
       00000CAA 00 00 00 00 00 00 00 00 00 00 
       00000CB4 00 00 00 00 00 00 00 00 00 00 
       00000CBE 00 00 00 00 00 00 00 00 00 00 
       00000CC8 00 00 00 00 00 00 00 00 00 00 
       00000CD2 00 00 00 00 00 00 00 00 00 00 
       00000CDC 00 00 00 00 00 00 00 00 00 00 
       00000CE6 00 00 00 00 00 00 00 00 00 00 
       00000CF0 00 00 00 00 00 00 00 00 00 00 
       00000CFA 00 00 00 00 00 00 00 00 00 00 
       00000D04 00 00 00 00 00 00 00 00 00 00 
       00000D0E 00 00 00 00 00 00 00 00 00 00 
       00000D18 00 00 00 00 00 00 00 00 00 00 
       00000D22 00 00 00 00 00 00 00 00 00 00 
       00000D2C 00 00 00 00 00 00 00 00 00 00 
       00000D36 00 00 00 00 00 00 00 00 00 00 
       00000D40 00 00 00 00 00 00 00 00 00 00 
       00000D4A 00 00 00 00 00 00 00 00 00 00 
       00000D54 00 00 00 00 00 00 00 00 00 00 
       00000D5E 00 00 00 00 00 00 00 00 00 00 
       00000D68 00 00 00 00 00 00 00 00 00 00 
       00000D72 00 00 00 00 00 00 00 00 00 00 
       00000D7C 00 00 00 00 00 00 00 00 00 00 
       00000D86 00 00 00 00 00 00 00 00 00 00 
       00000D90 00 00 00 00 00 00 00 00 00 00 
       00000D9A 00 00 00 00 00 00 00 00 00 00 
       00000DA4 00 00 00 00 00 00 00 00 00 00 
       00000DAE 00 00 00 00 00 00 00 00 00 00 
       00000DB8 00 00 00 00 00 00 00 00 00 00 
       00000DC2 00 00 00 00 00 00 00 00 00 00 
       00000DCC 00 00 00 00 00 00 00 00 00 00 
       00000DD6 00 00 00 00 00 00 00 00 00 00 
       00000DE0 00 00 00 00 00 00 00 00 00 00 
       00000DEA 00 00 00 00 00 00 00 00 00 00 
       00000DF4 00 00 00 00 00 00 00 00 00 00 
       00000DFE 00 00 00 00 00 00 00 00 00 00 
       00000E08 00 00 00 00 00 00 00 00 00 00 
       00000E12 00 00 00 00 00 00 00 00 00 00 
       00000E1C 00 00 00 00 00 00 00 00 00 00 
       00000E26 00 00 00 00 00 00 00 00 00 00 
       00000E30 00 00 00 00 00 00 00 00 00 00 
       00000E3A 00 00 00 00 00 00 00 00 00 00 
       00000E44 00 00 00 00 00 00 00 00 00 00 
       00000E4E 00 00 00 00 00 00 00 00 00 00 
       00000E58 00 00 00 00 00 00 00 00 00 00 
       00000E62 00 00 00 00 00 00 00 00 00 00 
       00000E6C 00 00 00 00 00 00 00 00 00 00 
       00000E76 00 00 00 00 00 00 00 00 00 00 
       00000E80 00 00 00 00 00 00 00 00 00 00 
       00000E8A 00 00 00 00 00 00 00 00 00 00 
       00000E94 00 00 00 00 00 00 00 00 00 00 
       00000E9E 00 00 00 00 00 00 00 00 00 00 
       00000EA8 00 00 00 00 00 00 00 00 00 00 
       00000EB2 00 00 00 00 00 00 00 00 00 00 
       00000EBC 00 00 00 00 00 00 00 00 00 00 
       00000EC6 00 00 00 00 00 00 00 00 00 00 
       00000ED0 00 00 00 00 00 00 00 00 00 00 
       00000EDA 00 00 00 00 00 00 00 00 00 00 
       00000EE4 00 00 00 00 00 00 00 00 00 00 
       00000EEE 00 00 00 00 00 00 00 00 00 00 
       00000EF8 00 00 00 00 00 00 00 00 00 00 
       00000F02 00 00 00 00 00 00 00 00 00 00 
       00000F0C 00 00 00 00 00 00 00 00 00 00 
       00000F16 00 00 00 00 00 00 00 00 00 00 
       00000F20 00 00 00 00 00 00 00 00 00 00 
       00000F2A 00 00 00 00 00 00 00 00 00 00 
       00000F34 00 00 00 00 00 00 00 00 00 00 
       00000F3E 00 00 00 00 00 00 00 00 00 00 
       00000F48 00 00 00 00 00 00 00 00 00 00 
       00000F52 00 00 00 00 00 00 00 00 00 00 
       00000F5C 00 00 00 00 00 00 00 00 00 00 
       00000F66 00 00 00 00 00 00 00 00 00 00 
       00000F70 00 00 00 00 00 00 00 00 00 00 
       00000F7A 00 00 00 00 00 00 00 00 00 00 
       00000F84 00 00 00 00 00 00 00 00 00 00 
       00000F8E 00 00 00 00 00 00 00 00 00 00 
       00000F98 00 00 00 00 00 00 00 00 00 00 
       00000FA2 00 00 00 00 00 00 00 00 00 00 
       00000FAC 00 00 00 00 00 00 00 00 00 00 
       00000FB6 00 00 00 00 00 00 00 00 00 00 
       00000FC0 00 00 00 00 00 00 00 00 00 00 
       00000FCA 00 00 00 00 00 00 00 00 00 00 
       00000FD4 00 00 00 00 00 00 00 00 00 00 
       00000FDE 00 00 00 00 00 00 00 00 00 00 
       00000FE8 00 00 00 00 00 00 00 00 00 00 
       00000FF2 00 00 00 00 00 00 00 00 00 00 
       00000FFC 00 00 00 00 00 00 00 00 00 00 
       00001006 00 00 00 00 00 00 00 00 00 00 
       00001010 00 00 00 00 00 00 00 00 00 00 
       0000101A 00 00 00 00 00 00 00 00 00 00 
       00001024 00 00 00 00 00 00 00 00 00 00 
       0000102E 00 00 00 00 00 00 00 00 00 00 
       00001038 00 00 00 00 00 00 00 00 00 00 
       00001042 00 00 00 00 00 00 00 00 00 00 
       0000104C 00 00 00 00 00 00 00 00 00 00 
       00001056 00 00 00 00 00 00 00 00 00 00 
       00001060 00 00 00 00 00 00 00 00 00 00 
       0000106A 00 00 00 00 00 00 00 00 00 00 
       00001074 00 00 00 00 00 00 00 00 00 00 
       0000107E 00 00 00 00 00 00 00 00 00 00 
       00001088 00 00 00 00 00 00 00 00 00 00 
       00001092 00 00 00 00 00 00 00 00 00 00 
       0000109C 00 00 00 00 00 00 00 00 00 00 
       000010A6 00 00 00 00 00 00 00 00 00 00 
       000010B0 00 00 00 00 00 00 00 00 00 00 
       000010BA 00 00 00 00 00 00 00 00 00 00 
       000010C4 00 00 00 00 00 00 00 00 00 00 
       000010CE 00 00 00 00 00 00 00 00 00 00 
       000010D8 00 00 00 00 00 00 00 00 00 00 
       000010E2 00 00 00 00 00 00 00 00 00 00 
       000010EC 00 00 00 00 00 00 00 00 00 00 
       000010F6 00 00 00 00 00 00 00 00 00 00 
       00001100 00 00 00 00 00 00 00 00 00 00 
       0000110A 00 00 00 00 00 00 00 00 00 00 
       00001114 00 00 00 00 00 00 00 00 00 00 
       0000111E 00 00 00 00 00 00 00 00 00 00 
       00001128 00 00 00 00 00 00 00 00 00 00 
       00001132 00 00 00 00 00 00 00 00 00 00 
       0000113C 00 00 00 00 00 00 00 00 00 00 
       00001146 00 00 00 00 00 00 00 00 00 00 
       00001150 00 00 00 00 00 00 00 00 00 00 
       0000115A 00 00 00 00 00 00 00 00 00 00 
       00001164 00 00 00 00 00 00 00 00 00 00 
       0000116E 00 00 00 00 00 00 00 00 00 00 
       00001178 00 00 00 00 00 00 00 00 00 00 
       00001182 00 00 00 00 00 00 00 00 00 00 
       0000118C 00 00 00 00 00 00 00 00 00 00 
       00001196 00 00 00 00 00 00 00 00 00 00 
       000011A0 00 00 00 00 00 00 00 00 00 00 
       000011AA 00 00 00 00 00 00 00 00 00 00 
       000011B4 00 00 00 00 00 00 00 00 00 00 
       000011BE 00 00 00 00 00 00 00 00 00 00 
       000011C8 00 00 00 00 00 00 00 00 00 00 
       000011D2 00 00 00 00 00 00 00 00 00 00 
       000011DC 00 00 00 00 00 00 00 00 00 00 
       000011E6 00 00 00 00 00 00 00 00 00 00 
       000011F0 00 00 00 00 00 00 00 00 00 00 
       000011FA 00 00 00 00 00 00 00 00 00 00 
       00001204 00 00 00 00 00 00 00 00 00 00 
       0000120E 00 00 00 00 00 00 00 00 00 00 
       00001218 00 00 00 00 00 00 00 00 00 00 
       00001222 00 00 00 00 00 00 00 00 00 00 
       0000122C 00 00 00 00 00 00 00 00 00 00 
       00001236 00 00 00 00 00 00 00 00 00 00 
       00001240 00 00 00 00 00 00 00 00 00 00 
       0000124A 00 00 00 00 00 00 00 00 00 00 
       00001254 00 00 00 00 00 00 00 00 00 00 
       0000125E 00 00 00 00 00 00 00 00 00 00 
       00001268 00 00 00 00 00 00 00 00 00 00 
       00001272 00 00 00 00 00 00 00 00 00 00 
       0000127C 00 00 00 00 00 00 00 00 00 00 
       00001286 00 00 00 00 00 00 00 00 00 00 
       00001290 00 00 00 00 00 00 00 00 00 00 
       0000129A 00 00 00 00 00 00 00 00 00 00 
       000012A4 00 00 00 00 00 00 00 00 00 00 
       000012AE 00 00 00 00 00 00 00 00 00 00 
       000012B8 00 00 00 00 00 00 00 00 00 00 
       000012C2 00 00 00 00 00 00 00 00 00 00 
       000012CC 00 00 00 00 00 00 00 00 00 00 
       000012D6 00 00 00 00 00 00 00 00 00 00 
       000012E0 00 00 00 00 00 00 00 00 00 00 
       000012EA 00 00 00 00 00 00 00 00 00 00 
       000012F4 00 00 00 00 00 00 00 00 00 00 
       000012FE 00 00 00 00 00 00 00 00 00 00 
       00001308 00 00 00 00 00 00 00 00 00 00 
       00001312 00 00 00 00 00 00 00 00 00 00 
       0000131C 00 00 00 00 00 00 00 00 00 00 
       00001326 00 00 00 00 00 00 00 00 00 00 
       00001330 00 00 00 00 00 00 00 00 00 00 
       0000133A 00 00 00 00 00 00 00 00 00 00 
       00001344 00 00 00 00 00 00 00 00 00 00 
       0000134E 00 00 00 00 00 00 00 00 00 00 
       00001358 00 00 00 00 00 00 00 00 00 00 
       00001362 00 00 00 00 00 00 00 00 00 00 
       0000136C 00 00 00 00 00 00 00 00 00 00 
       00001376 00 00 00 00 00 00 00 00 00 00 
       00001380 00 00 00 00 00 00 00 00 00 00 
       0000138A 00 00 00 00 00 00 00 00 00 00 
       00001394 00 00 00 00 00 00 00 00 00 00 
       0000139E 00 00 00 00 00 00 00 00 00 00 
       000013A8 00 00 00 00 00 00 00 00 00 00 
       000013B2 00 00 00 00 00 00 00 00 00 00 
       000013BC 00 00 00 00 00 00 00 00 00 00 
       000013C6 00 00 00 00 00 00 00 00 00 00 
       000013D0 00 00 00 00 00 00 00 00 00 00 
       000013DA 00 00 00 00 00 00 00 00 00 00 
       000013E4 00 00 00 00 00 00 00 00 00 00 
       000013EE 00 00 00 00 00 00 00 00 00 00 
       000013F8 00 00 00 00 00 00 00 00 00 00 
       00001402 00 00 00 00 00 00 00 00 00 00 
       0000140C 00 00 00 00 00 00 00 00 00 00 
       00001416 00 00 00 00 00 00 00 00 00 00 
       00001420 00 00 00 00 00 00 00 00 00 00 
       0000142A 00 00 00 00 00 00 00 00 00 00 
       00001434 00 00 00 00 00 00 00 00 00 00 
       0000143E 00 00 00 00 00 00 00 00 00 00 
       00001448 00 00 00 00 00 00 00 00 00 00 
       00001452 00 00 00 00 00 00 00 00 00 00 
       0000145C 00 00 00 00 00 00 00 00 00 00 
       00001466 00 00 00 00 00 00 00 00 00 00 
       00001470 00 00 00 00 00 00 00 00 00 00 
       0000147A 00 00 00 00 00 00 00 00 00 00 
       00001484 00 00 00 00 00 00 00 00 00 00 
       0000148E 00 00 00 00 00 00 00 00 00 00 
       00001498 00 00 00 00 00 00 00 00 00 00 
       000014A2 00 00 00 00 00 00 00 00 00 00 
       000014AC 00 00 00 00 00 00 00 00 00 00 
       000014B6 00 00 00 00 00 00 00 00 00 00 
       000014C0 00 00 00 00 00 00 00 00 00 00 
       000014CA 00 00 00 00 00 00 00 00 00 00 
       000014D4 00 00 00 00 00 00 00 00 00 00 
       000014DE 00 00 00 00 00 00 00 00 00 00 
       000014E8 00 00 00 00 00 00 00 00 00 00 
       000014F2 00 00 00 00 00 00 00 00 00 00 
       000014FC 00 00 00 00 00 00 00 00 00 00 
       00001506 00 00 00 00 00 00 00 00 00 00 
       00001510 00 00 00 00 00 00 00 00 00 00 
       0000151A 00 00 00 00 00 00 00 00 00 00 
       00001524 00 00 00 00 00 00 00 00 00 00 
       0000152E 00 00 00 00 00 00 00 00 00 00 
       00001538 00 00 00 00 00 00 00 00 00 00 
       00001542 00 00 00 00 00 00 00 00 00 00 
       0000154C 00 00 00 00 00 00 00 00 00 00 
       00001556 00 00 00 00 00 00 00 00 00 00 
       00001560 00 00 00 00 00 00 00 00 00 00 
       0000156A 00 00 00 00 00 00 00 00 00 00 
       00001574 00 00 00 00 00 00 00 00 00 00 
       0000157E 00 00 00 00 00 00 00 00 00 00 
       00001588 00 00 00 00 00 00 00 00 00 00 
       00001592 00 00 00 00 00 00 00 00 00 00 
       0000159C 00 00 00 00 00 00 00 00 00 00 
       000015A6 00 00 00 00 00 00 00 00 00 00 
       000015B0 00 00 00 00 00 00 00 00 00 00 
       000015BA 00 00 00 00 00 00 00 00 00 00 
       000015C4 00 00 00 00 00 00 00 00 00 00 
       000015CE 00 00 00 00 00 00 00 00 00 00 
       000015D8 00 00 00 00 00 00 00 00 00 00 
       000015E2 00 00 00 00 00 00 00 00 00 00 
       000015EC 00 00 00 00 00 00 00 00 00 00 
       000015F6 00 00 00 00 00 00 00 00 00 00 
       00001600 00 00 00 00 00 00 00 00 00 00 
       0000160A 00 00 00 00 00 00 00 00 00 00 
       00001614 00 00 00 00 00 00 00 00 00 00 
       0000161E 00 00 00 00 00 00 00 00 00 00 
       00001628 00 00 00 00 00 00 00 00 00 00 
       00001632 00 00 00 00 00 00 00 00 00 00 
       0000163C 00 00 00 00 00 00 00 00 00 00 
       00001646 00 00 00 00 00 00 00 00 00 00 
       00001650 00 00 00 00 00 00 00 00 00 00 
       0000165A 00 00 00 00 00 00 00 00 00 00 
       00001664 00 00 00 00 00 00 00 00 00 00 
       0000166E 00 00 00 00 00 00 00 00 00 00 
       00001678 00 00 00 00 00 00 00 00 00 00 
       00001682 00 00 00 00 00 00 00 00 00 00 
       0000168C 00 00 00 00 00 00 00 00 00 00 
       00001696 00 00 00 00 00 00 00 00 00 00 
       000016A0 00 00 00 00 00 00 00 00 00 00 
       000016AA 00 00 00 00 00 00 00 00 00 00 
       000016B4 00 00 00 00 00 00 00 00 00 00 
       000016BE 00 00 00 00 00 00 00 00 00 00 
       000016C8 00 00 00 00 00 00 00 00 00 00 
       000016D2 00 00 00 00 00 00 00 00 00 00 
       000016DC 00 00 00 00 00 00 00 00 00 00 
       000016E6 00 00 00 00 00 00 00 00 00 00 
       000016F0 00 00 00 00 00 00 00 00 00 00 
       000016FA 00 00 00 00 00 00 00 00 00 00 
       00001704 00 00 00 00 00 00 00 00 00 00 
       0000170E 00 00 00 00 00 00 00 00 00 00 
       00001718 00 00 00 00 00 00 00 00 00 00 
       00001722 00 00 00 00 00 00 00 00 00 00 
       0000172C 00 00 00 00 00 00 00 00 00 00 
       00001736 00 00 00 00 00 00 00 00 00 00 
       00001740 00 00 00 00 00 00 00 00 00 00 
       0000174A 00 00 00 00 00 00 00 00 00 00 
       00001754 00 00 00 00 00 00 00 00 00 00 
       0000175E 00 00 00 00 00 00 00 00 00 00 
       00001768 00 00 00 00 00 00 00 00 00 00 
       00001772 00 00 00 00 00 00 00 00 00 00 
       0000177C 00 00 00 00 00 00 00 00 00 00 
       00001786 00 00 00 00 00 00 00 00 00 00 
       00001790 00 00 00 00 00 00 00 00 00 00 
       0000179A 00 00 00 00 00 00 00 00 00 00 
       000017A4 00 00 00 00 00 00 00 00 00 00 
       000017AE 00 00 00 00 00 00 00 00 00 00 
       000017B8 00 00 00 00 00 00 00 00 00 00 
       000017C2 00 00 00 00 00 00 00 00 00 00 
       000017CC 00 00 00 00 00 00 00 00 00 00 
       000017D6 00 00 00 00 00 00 00 00 00 00 
       000017E0 00 00 00 00 00 00 00 00 00 00 
       000017EA 00 00 00 00 00 00 00 00 00 00 
       000017F4 00 00 00 00 00 00 00 00 00 00 
       000017FE 00 00 00 00 00 00 00 00 00 00 
       00001808 00 00 00 00 00 00 00 00 00 00 
       00001812 00 00 00 00 00 00 00 00 00 00 
       0000181C 00 00 00 00 00 00 00 00 00 00 
       00001826 00 00 00 00 00 00 00 00 00 00 
       00001830 00 00 00 00 00 00 00 00 00 00 
       0000183A 00 00 00 00 00 00 00 00 00 00 
       00001844 00 00 00 00 00 00 00 00 00 00 
       0000184E 00 00 00 00 00 00 00 00 00 00 
       00001858 00 00 00 00 00 00 00 00 00 00 
       00001862 00 00 00 00 00 00 00 00 00 00 
       0000186C 00 00 00 00 00 00 00 00 00 00 
       00001876 00 00 00 00 00 00 00 00 00 00 
       00001880 00 00 00 00 00 00 00 00 00 00 
       0000188A 00 00 00 00 00 00 00 00 00 00 
       00001894 00 00 00 00 00 00 00 00 00 00 
       0000189E 00 00 00 00 00 00 00 00 00 00 
       000018A8 00 00 00 00 00 00 00 00 00 00 
       000018B2 00 00 00 00 00 00 00 00 00 00 
       000018BC 00 00 00 00 00 00 00 00 00 00 
       000018C6 00 00 00 00 00 00 00 00 00 00 
       000018D0 00 00 00 00 00 00 00 00 00 00 
       000018DA 00 00 00 00 00 00 00 00 00 00 
       000018E4 00 00 00 00 00 00 00 00 00 00 
       000018EE 00 00 00 00 00 00 00 00 00 00 
       000018F8 00 00 00 00 00 00 00 00 00 00 
       00001902 00 00 00 00 00 00 00 00 00 00 
       0000190C 00 00 00 00 00 00 00 00 00 00 
       00001916 00 00 00 00 00 00 00 00 00 00 
       00001920 00 00 00 00 00 00 00 00 00 00 
       0000192A 00 00 00 00 00 00 00 00 00 00 
       00001934 00 00 00 00 00 00 00 00 00 00 
       0000193E 00 00 00 00 00 00 00 00 00 00 
       00001948 00 00 00 00 00 00 00 00 00 00 
       00001952 00 00 00 00 00 00 00 00 00 00 
       0000195C 00 00 00 00 00 00 00 00 00 00 
       00001966 00 00 00 00 00 00 00 00 00 00 
       00001970 00 00 00 00 00 00 00 00 00 00 
       0000197A 00 00 00 00 00 00 00 00 00 00 
       00001984 00 00 00 00 00 00 00 00 00 00 
       0000198E 00 00 00 00 00 00 00 00 00 00 
       00001998 00 00 00 00 00 00 00 00 00 00 
       000019A2 00 00 00 00 00 00 00 00 00 00 
       000019AC 00 00 00 00 00 00 00 00 00 00 
       000019B6 00 00 00 00 00 00 00 00 00 00 
       000019C0 00 00 00 00 00 00 00 00 00 00 
       000019CA 00 00 00 00 00 00 00 00 00 00 
       000019D4 00 00 00 00 00 00 00 00 00 00 
       000019DE 00 00 00 00 00 00 00 00 00 00 
       000019E8 00 00 00 00 00 00 00 00 00 00 
       000019F2 00 00 00 00 00 00 00 00 00 00 
       000019FC 00 00 00 00 00 00 00 00 00 00 
       00001A06 00 00 00 00 00 00 00 00 00 00 
       00001A10 00 00 00 00 00 00 00 00 00 00 
       00001A1A 00 00 00 00 00 00 00 00 00 00 
       00001A24 00 00 00 00 00 00 00 00 00 00 
       00001A2E 00 00 00 00 00 00 00 00 00 00 
       00001A38 00 00 00 00 00 00 00 00 00 00 
       00001A42 00 00 00 00 00 00 00 00 00 00 
       00001A4C 00 00 00 00 00 00 00 00 00 00 
       00001A56 00 00 00 00 00 00 00 00 00 00 
       00001A60 00 00 00 00 00 00 00 00 00 00 
       00001A6A 00 00 00 00 00 00 00 00 00 00 
       00001A74 00 00 00 00 00 00 00 00 00 00 
       00001A7E 00 00 00 00 00 00 00 00 00 00 
       00001A88 00 00 00 00 00 00 00 00 00 00 
       00001A92 00 00 00 00 00 00 00 00 00 00 
       00001A9C 00 00 00 00 00 00 00 00 00 00 
       00001AA6 00 00 00 00 00 00 00 00 00 00 
       00001AB0 00 00 00 00 00 00 00 00 00 00 
       00001ABA 00 00 00 00 00 00 00 00 00 00 
       00001AC4 00 00 00 00 00 00 00 00 00 00 
       00001ACE 00 00 00 00 00 00 00 00 00 00 
       00001AD8 00 00 00 00 00 00 00 00 00 00 
       00001AE2 00 00 00 00 00 00 00 00 00 00 
       00001AEC 00 00 00 00 00 00 00 00 00 00 
       00001AF6 00 00 00 00 00 00 00 00 00 00 
       00001B00 00 00 00 00 00 00 00 00 00 00 
       00001B0A 00 00 00 00 00 00 00 00 00 00 
       00001B14 00 00 00 00 00 00 00 00 00 00 
       00001B1E 00 00 00 00 00 00 00 00 00 00 
       00001B28 00 00 00 00 00 00 00 00 00 00 
       00001B32 00 00 00 00 00 00 00 00 00 00 
       00001B3C 00 00 00 00 00 00 00 00 00 00 
       00001B46 00 00 00 00 00 00 00 00 00 00 
       00001B50 00 00 00 00 00 00 00 00 00 00 
       00001B5A 00 00 00 00 00 00 00 00 00 00 
       00001B64 00 00 00 00 00 00 00 00 00 00 
       00001B6E 00 00 00 00 00 00 00 00 00 00 
       00001B78 00 00 00 00 00 00 00 00 00 00 
       00001B82 00 00 00 00 00 00 00 00 00 00 
       00001B8C 00 00 00 00 00 00 00 00 00 00 
       00001B96 00 00 00 00 00 00 00 00 00 00 
       00001BA0 00 00 00 00 00 00 00 00 00 00 
       00001BAA 00 00 00 00 00 00 00 00 00 00 
       00001BB4 00 00 00 00 00 00 00 00 00 00 
       00001BBE 00 00 00 00 00 00 00 00 00 00 
       00001BC8 00 00 00 00 00 00 00 00 00 00 
       00001BD2 00 00 00 00 00 00 00 00 00 00 
       00001BDC 00 00 00 00 00 00 00 00 00 00 
       00001BE6 00 00 00 00 00 00 00 00 00 00 
       00001BF0 00 00 00 00 00 00 00 00 00 00 
       00001BFA 00 00 00 00 00 00 00 00 00 00 
       00001C04 00 00 00 00 00 00 00 00 00 00 
       00001C0E 00 00 00 00 00 00 00 00 00 00 
       00001C18 00 00 00 00 00 00 00 00 00 00 
       00001C22 00 00 00 00 00 00 00 00 00 00 
       00001C2C 00 00 00 00 00 00 00 00 00 00 
       00001C36 00 00 00 00 00 00 00 00 00 00 
       00001C40 00 00 00 00 00 00 00 00 00 00 
       00001C4A 00 00 00 00 00 00 00 00 00 00 
       00001C54 00 00 00 00 00 00 00 00 00 00 
       00001C5E 00 00 00 00 00 00 00 00 00 00 
       00001C68 00 00 00 00 00 00 00 00 00 00 
       00001C72 00 00 00 00 00 00 00 00 00 00 
       00001C7C 00 00 00 00 00 00 00 00 00 00 
       00001C86 00 00 00 00 00 00 00 00 00 00 
       00001C90 00 00 00 00 00 00 00 00 00 00 
       00001C9A 00 00 00 00 00 00 00 00 00 00 
       00001CA4 00 00 00 00 00 00 00 00 00 00 
       00001CAE 00 00 00 00 00 00 00 00 00 00 
       00001CB8 00 00 00 00 00 00 00 00 00 00 
       00001CC2 00 00 00 00 00 00 00 00 00 00 
       00001CCC 00 00 00 00 00 00 00 00 00 00 
       00001CD6 00 00 00 00 00 00 00 00 00 00 
       00001CE0 00 00 00 00 00 00 00 00 00 00 
       00001CEA 00 00 00 00 00 00 00 00 00 00 
       00001CF4 00 00 00 00 00 00 00 00 00 00 
       00001CFE 00 00 00 00 00 00 00 00 00 00 
       00001D08 00 00 00 00 00 00 00 00 00 00 
       00001D12 00 00 00 00 00 00 00 00 00 00 
       00001D1C 00 00 00 00 00 00 00 00 00 00 
       00001D26 00 00 00 00 00 00 00 00 00 00 
       00001D30 00 00 00 00 00 00 00 00 00 00 
       00001D3A 00 00 00 00 00 00 00 00 00 00 
       00001D44 00 00 00 00 00 00 00 00 00 00 
       00001D4E 00 00 00 00 00 00 00 00 00 00 
       00001D58 00 00 00 00 00 00 00 00 00 00 
       00001D62 00 00 00 00 00 00 00 00 00 00 
