     1 00000000                                 [FORMAT "WCOFF"]
     2 00000000                                 [INSTRSET "i486p"]
     3 00000000                                 [OPTIMIZE 1]
     4 00000000                                 [OPTION 1]
     5 00000000                                 [BITS 32]
     6 00000000                                 	EXTERN	_fill_box8
     7 00000000                                 	EXTERN	_draw_font8_asc
     8 00000000                                 	EXTERN	_layers_refresh
     9 00000000                                 [FILE "window.c"]
    10                                          [SECTION .text]
    11 00000000                                 	GLOBAL	_drawstring_and_refresh
    12 00000000                                 _drawstring_and_refresh:
    13 00000000 55                              	PUSH	EBP
    14 00000001 89 E5                           	MOV	EBP,ESP
    15 00000003 57                              	PUSH	EDI
    16 00000004 56                              	PUSH	ESI
    17 00000005 53                              	PUSH	EBX
    18 00000006 83 EC 0C                        	SUB	ESP,12
    19 00000009 8B 45 08                        	MOV	EAX,DWORD [8+EBP]
    20 0000000C 8B 7D 10                        	MOV	EDI,DWORD [16+EBP]
    21 0000000F 89 45 F0                        	MOV	DWORD [-16+EBP],EAX
    22 00000012 8B 5D 14                        	MOV	EBX,DWORD [20+EBP]
    23 00000015 8B 45 0C                        	MOV	EAX,DWORD [12+EBP]
    24 00000018 89 45 EC                        	MOV	DWORD [-20+EBP],EAX
    25 0000001B 8B 45 1C                        	MOV	EAX,DWORD [28+EBP]
    26 0000001E 89 45 E8                        	MOV	DWORD [-24+EBP],EAX
    27 00000021 8D 47 0F                        	LEA	EAX,DWORD [15+EDI]
    28 00000024 50                              	PUSH	EAX
    29 00000025 8B 45 EC                        	MOV	EAX,DWORD [-20+EBP]
    30 00000028 8B 75 20                        	MOV	ESI,DWORD [32+EBP]
    31 0000002B 0F BE DB                        	MOVSX	EBX,BL
    32 0000002E 8D 34 F0                        	LEA	ESI,DWORD [EAX+ESI*8]
    33 00000031 8D 46 FF                        	LEA	EAX,DWORD [-1+ESI]
    34 00000034 50                              	PUSH	EAX
    35 00000035 57                              	PUSH	EDI
    36 00000036 FF 75 EC                        	PUSH	DWORD [-20+EBP]
    37 00000039 0F B6 45 18                     	MOVZX	EAX,BYTE [24+EBP]
    38 0000003D 50                              	PUSH	EAX
    39 0000003E 8B 45 F0                        	MOV	EAX,DWORD [-16+EBP]
    40 00000041 FF 70 04                        	PUSH	DWORD [4+EAX]
    41 00000044 FF 30                           	PUSH	DWORD [EAX]
    42 00000046 E8 [00000000]                   	CALL	_fill_box8
    43 0000004B FF 75 E8                        	PUSH	DWORD [-24+EBP]
    44 0000004E 53                              	PUSH	EBX
    45 0000004F 57                              	PUSH	EDI
    46 00000050 FF 75 EC                        	PUSH	DWORD [-20+EBP]
    47 00000053 8B 45 F0                        	MOV	EAX,DWORD [-16+EBP]
    48 00000056 FF 70 04                        	PUSH	DWORD [4+EAX]
    49 00000059 FF 30                           	PUSH	DWORD [EAX]
    50 0000005B E8 [00000000]                   	CALL	_draw_font8_asc
    51 00000060 89 7D 10                        	MOV	DWORD [16+EBP],EDI
    52 00000063 8D 47 10                        	LEA	EAX,DWORD [16+EDI]
    53 00000066 89 75 14                        	MOV	DWORD [20+EBP],ESI
    54 00000069 89 45 18                        	MOV	DWORD [24+EBP],EAX
    55 0000006C 83 C4 34                        	ADD	ESP,52
    56 0000006F 8B 45 EC                        	MOV	EAX,DWORD [-20+EBP]
    57 00000072 89 45 0C                        	MOV	DWORD [12+EBP],EAX
    58 00000075 8B 45 F0                        	MOV	EAX,DWORD [-16+EBP]
    59 00000078 89 45 08                        	MOV	DWORD [8+EBP],EAX
    60 0000007B 8D 65 F4                        	LEA	ESP,DWORD [-12+EBP]
    61 0000007E 5B                              	POP	EBX
    62 0000007F 5E                              	POP	ESI
    63 00000080 5F                              	POP	EDI
    64 00000081 5D                              	POP	EBP
    65 00000082 E9 [00000000]                   	JMP	_layers_refresh
    66                                          [SECTION .data]
    67 00000000                                 _s_close_btn.0:
    68 00000000 4F 4F 4F 4F 4F 4F 4F 4F 4F 4F   	DB	"OOOOOOOOOOOOOOO@"
       0000000A 4F 4F 4F 4F 4F 40 
    69 00000010 4F 51 51 51 51 51 51 51 51 51   	DB	"OQQQQQQQQQQQQQ$@"
       0000001A 51 51 51 51 24 40 
    70 00000020 4F 51 51 51 51 51 51 51 51 51   	DB	"OQQQQQQQQQQQQQ$@"
       0000002A 51 51 51 51 24 40 
    71 00000030 4F 51 51 51 40 40 51 51 51 51   	DB	"OQQQ@@QQQQ@@QQ$@"
       0000003A 40 40 51 51 24 40 
    72 00000040 4F 51 51 51 51 40 40 51 51 40   	DB	"OQQQQ@@QQ@@QQQ$@"
       0000004A 40 51 51 51 24 40 
    73 00000050 4F 51 51 51 51 51 40 40 40 40   	DB	"OQQQQQ@@@@QQQQ$@"
       0000005A 51 51 51 51 24 40 
    74 00000060 4F 51 51 51 51 51 51 40 40 51   	DB	"OQQQQQQ@@QQQQQ$@"
       0000006A 51 51 51 51 24 40 
    75 00000070 4F 51 51 51 51 51 40 40 40 40   	DB	"OQQQQQ@@@@QQQQ$@"
       0000007A 51 51 51 51 24 40 
    76 00000080 4F 51 51 51 51 40 40 51 51 40   	DB	"OQQQQ@@QQ@@QQQ$@"
       0000008A 40 51 51 51 24 40 
    77 00000090 4F 51 51 51 40 40 51 51 51 51   	DB	"OQQQ@@QQQQ@@QQ$@"
       0000009A 40 40 51 51 24 40 
    78 000000A0 4F 51 51 51 51 51 51 51 51 51   	DB	"OQQQQQQQQQQQQQ$@"
       000000AA 51 51 51 51 24 40 
    79 000000B0 4F 51 51 51 51 51 51 51 51 51   	DB	"OQQQQQQQQQQQQQ$@"
       000000BA 51 51 51 51 24 40 
    80 000000C0 4F 24 24 24 24 24 24 24 24 24   	DB	"O$$$$$$$$$$$$$$@"
       000000CA 24 24 24 24 24 40 
    81 000000D0 40 40 40 40 40 40 40 40 40 40   	DB	"@@@@@@@@@@@@@@@@"
       000000DA 40 40 40 40 40 40 
    82                                          [SECTION .text]
    83 00000087                                 	GLOBAL	_make_title8
    84 00000087                                 _make_title8:
    85 00000087 55                              	PUSH	EBP
    86 00000088 89 E5                           	MOV	EBP,ESP
    87 0000008A 57                              	PUSH	EDI
    88 0000008B 56                              	PUSH	ESI
    89 0000008C 53                              	PUSH	EBX
    90 0000008D 50                              	PUSH	EAX
    91 0000008E 80 7D 14 00                     	CMP	BYTE [20+EBP],0
    92 00000092 0F 84 00000098                  	JE	L3
    93 00000098 B3 07                           	MOV	BL,7
    94 0000009A B2 0C                           	MOV	DL,12
    95 0000009C                                 L4:
    96 0000009C 8B 45 0C                        	MOV	EAX,DWORD [12+EBP]
    97 0000009F 6A 14                           	PUSH	20
    98 000000A1 83 E8 04                        	SUB	EAX,4
    99 000000A4 31 FF                           	XOR	EDI,EDI
   100 000000A6 50                              	PUSH	EAX
   101 000000A7 6A 03                           	PUSH	3
   102 000000A9 6A 03                           	PUSH	3
   103 000000AB 0F B6 C2                        	MOVZX	EAX,DL
   104 000000AE 50                              	PUSH	EAX
   105 000000AF FF 75 0C                        	PUSH	DWORD [12+EBP]
   106 000000B2 FF 75 08                        	PUSH	DWORD [8+EBP]
   107 000000B5 E8 [00000000]                   	CALL	_fill_box8
   108 000000BA FF 75 10                        	PUSH	DWORD [16+EBP]
   109 000000BD 0F BE C3                        	MOVSX	EAX,BL
   110 000000C0 50                              	PUSH	EAX
   111 000000C1 6A 04                           	PUSH	4
   112 000000C3 6A 18                           	PUSH	24
   113 000000C5 FF 75 0C                        	PUSH	DWORD [12+EBP]
   114 000000C8 FF 75 08                        	PUSH	DWORD [8+EBP]
   115 000000CB E8 [00000000]                   	CALL	_draw_font8_asc
   116 000000D0 83 C4 34                        	ADD	ESP,52
   117 000000D3 6B 5D 0C 05                     	IMUL	EBX,DWORD [12+EBP],5
   118 000000D7 C7 45 F0 00000000               	MOV	DWORD [-16+EBP],0
   119 000000DE                                 L21:
   120 000000DE 8B 45 0C                        	MOV	EAX,DWORD [12+EBP]
   121 000000E1 8B 55 08                        	MOV	EDX,DWORD [8+EBP]
   122 000000E4 01 D8                           	ADD	EAX,EBX
   123 000000E6 31 F6                           	XOR	ESI,ESI
   124 000000E8 8D 4C 02 EB                     	LEA	ECX,DWORD [-21+EDX+EAX*1]
   125 000000EC                                 L20:
   126 000000EC 0F BE 84 3E [00000000]          	MOVSX	EAX,BYTE [_s_close_btn.0+ESI+EDI*1]
   127 000000F4 31 D2                           	XOR	EDX,EDX
   128 000000F6 83 F8 40                        	CMP	EAX,64
   129 000000F9 74 0E                           	JE	L13
   130 000000FB 83 F8 40                        	CMP	EAX,64
   131 000000FE 7F 29                           	JG	L19
   132 00000100 B2 0F                           	MOV	DL,15
   133 00000102 83 F8 24                        	CMP	EAX,36
   134 00000105                                 L26:
   135 00000105 74 02                           	JE	L13
   136 00000107 B2 07                           	MOV	DL,7
   137 00000109                                 L13:
   138 00000109 46                              	INC	ESI
   139 0000010A 88 11                           	MOV	BYTE [ECX],DL
   140 0000010C 41                              	INC	ECX
   141 0000010D 83 FE 0F                        	CMP	ESI,15
   142 00000110 7E DA                           	JLE	L20
   143 00000112 FF 45 F0                        	INC	DWORD [-16+EBP]
   144 00000115 83 C7 10                        	ADD	EDI,16
   145 00000118 03 5D 0C                        	ADD	EBX,DWORD [12+EBP]
   146 0000011B 83 7D F0 0D                     	CMP	DWORD [-16+EBP],13
   147 0000011F 7E BD                           	JLE	L21
   148 00000121 8D 65 F4                        	LEA	ESP,DWORD [-12+EBP]
   149 00000124 5B                              	POP	EBX
   150 00000125 5E                              	POP	ESI
   151 00000126 5F                              	POP	EDI
   152 00000127 5D                              	POP	EBP
   153 00000128 C3                              	RET
   154 00000129                                 L19:
   155 00000129 B2 08                           	MOV	DL,8
   156 0000012B 83 F8 51                        	CMP	EAX,81
   157 0000012E EB D5                           	JMP	L26
   158 00000130                                 L3:
   159 00000130 B3 08                           	MOV	BL,8
   160 00000132 B2 0F                           	MOV	DL,15
   161 00000134 E9 FFFFFF63                     	JMP	L4
   162 00000139                                 	GLOBAL	_make_window8
   163 00000139                                 _make_window8:
   164 00000139 55                              	PUSH	EBP
   165 0000013A 89 E5                           	MOV	EBP,ESP
   166 0000013C 57                              	PUSH	EDI
   167 0000013D 56                              	PUSH	ESI
   168 0000013E 53                              	PUSH	EBX
   169 0000013F 83 EC 18                        	SUB	ESP,24
   170 00000142 8B 45 10                        	MOV	EAX,DWORD [16+EBP]
   171 00000145 8B 5D 0C                        	MOV	EBX,DWORD [12+EBP]
   172 00000148 89 45 F0                        	MOV	DWORD [-16+EBP],EAX
   173 0000014B 8B 75 08                        	MOV	ESI,DWORD [8+EBP]
   174 0000014E 8B 45 14                        	MOV	EAX,DWORD [20+EBP]
   175 00000151 89 45 EC                        	MOV	DWORD [-20+EBP],EAX
   176 00000154 0F BE 45 18                     	MOVSX	EAX,BYTE [24+EBP]
   177 00000158 89 45 E8                        	MOV	DWORD [-24+EBP],EAX
   178 0000015B 8D 43 FF                        	LEA	EAX,DWORD [-1+EBX]
   179 0000015E 6A 00                           	PUSH	0
   180 00000160 89 45 E4                        	MOV	DWORD [-28+EBP],EAX
   181 00000163 50                              	PUSH	EAX
   182 00000164 6A 00                           	PUSH	0
   183 00000166 6A 00                           	PUSH	0
   184 00000168 6A 08                           	PUSH	8
   185 0000016A 53                              	PUSH	EBX
   186 0000016B 56                              	PUSH	ESI
   187 0000016C E8 [00000000]                   	CALL	_fill_box8
   188 00000171 8D 43 FE                        	LEA	EAX,DWORD [-2+EBX]
   189 00000174 6A 01                           	PUSH	1
   190 00000176 89 45 E0                        	MOV	DWORD [-32+EBP],EAX
   191 00000179 50                              	PUSH	EAX
   192 0000017A 6A 01                           	PUSH	1
   193 0000017C 6A 01                           	PUSH	1
   194 0000017E 6A 07                           	PUSH	7
   195 00000180 53                              	PUSH	EBX
   196 00000181 56                              	PUSH	ESI
   197 00000182 E8 [00000000]                   	CALL	_fill_box8
   198 00000187 8B 45 F0                        	MOV	EAX,DWORD [-16+EBP]
   199 0000018A 83 C4 38                        	ADD	ESP,56
   200 0000018D 48                              	DEC	EAX
   201 0000018E 89 45 DC                        	MOV	DWORD [-36+EBP],EAX
   202 00000191 50                              	PUSH	EAX
   203 00000192 6A 00                           	PUSH	0
   204 00000194 6A 00                           	PUSH	0
   205 00000196 6A 00                           	PUSH	0
   206 00000198 6A 08                           	PUSH	8
   207 0000019A 53                              	PUSH	EBX
   208 0000019B 56                              	PUSH	ESI
   209 0000019C E8 [00000000]                   	CALL	_fill_box8
   210 000001A1 8B 7D F0                        	MOV	EDI,DWORD [-16+EBP]
   211 000001A4 83 EF 02                        	SUB	EDI,2
   212 000001A7 57                              	PUSH	EDI
   213 000001A8 6A 01                           	PUSH	1
   214 000001AA 6A 01                           	PUSH	1
   215 000001AC 6A 01                           	PUSH	1
   216 000001AE 6A 07                           	PUSH	7
   217 000001B0 53                              	PUSH	EBX
   218 000001B1 56                              	PUSH	ESI
   219 000001B2 E8 [00000000]                   	CALL	_fill_box8
   220 000001B7 83 C4 38                        	ADD	ESP,56
   221 000001BA 57                              	PUSH	EDI
   222 000001BB FF 75 E0                        	PUSH	DWORD [-32+EBP]
   223 000001BE 6A 01                           	PUSH	1
   224 000001C0 FF 75 E0                        	PUSH	DWORD [-32+EBP]
   225 000001C3 6A 0F                           	PUSH	15
   226 000001C5 53                              	PUSH	EBX
   227 000001C6 56                              	PUSH	ESI
   228 000001C7 E8 [00000000]                   	CALL	_fill_box8
   229 000001CC FF 75 DC                        	PUSH	DWORD [-36+EBP]
   230 000001CF FF 75 E4                        	PUSH	DWORD [-28+EBP]
   231 000001D2 6A 00                           	PUSH	0
   232 000001D4 FF 75 E4                        	PUSH	DWORD [-28+EBP]
   233 000001D7 6A 00                           	PUSH	0
   234 000001D9 53                              	PUSH	EBX
   235 000001DA 56                              	PUSH	ESI
   236 000001DB E8 [00000000]                   	CALL	_fill_box8
   237 000001E0 8B 45 F0                        	MOV	EAX,DWORD [-16+EBP]
   238 000001E3 83 C4 38                        	ADD	ESP,56
   239 000001E6 83 E8 03                        	SUB	EAX,3
   240 000001E9 50                              	PUSH	EAX
   241 000001EA 8D 43 FD                        	LEA	EAX,DWORD [-3+EBX]
   242 000001ED 50                              	PUSH	EAX
   243 000001EE 6A 02                           	PUSH	2
   244 000001F0 6A 02                           	PUSH	2
   245 000001F2 6A 08                           	PUSH	8
   246 000001F4 53                              	PUSH	EBX
   247 000001F5 56                              	PUSH	ESI
   248 000001F6 E8 [00000000]                   	CALL	_fill_box8
   249 000001FB 57                              	PUSH	EDI
   250 000001FC FF 75 E0                        	PUSH	DWORD [-32+EBP]
   251 000001FF 57                              	PUSH	EDI
   252 00000200 6A 01                           	PUSH	1
   253 00000202 6A 0F                           	PUSH	15
   254 00000204 53                              	PUSH	EBX
   255 00000205 56                              	PUSH	ESI
   256 00000206 E8 [00000000]                   	CALL	_fill_box8
   257 0000020B 83 C4 38                        	ADD	ESP,56
   258 0000020E FF 75 DC                        	PUSH	DWORD [-36+EBP]
   259 00000211 FF 75 E4                        	PUSH	DWORD [-28+EBP]
   260 00000214 FF 75 DC                        	PUSH	DWORD [-36+EBP]
   261 00000217 6A 00                           	PUSH	0
   262 00000219 6A 00                           	PUSH	0
   263 0000021B 53                              	PUSH	EBX
   264 0000021C 56                              	PUSH	ESI
   265 0000021D E8 [00000000]                   	CALL	_fill_box8
   266 00000222 89 75 08                        	MOV	DWORD [8+EBP],ESI
   267 00000225 8B 45 E8                        	MOV	EAX,DWORD [-24+EBP]
   268 00000228 89 5D 0C                        	MOV	DWORD [12+EBP],EBX
   269 0000022B 89 45 14                        	MOV	DWORD [20+EBP],EAX
   270 0000022E 83 C4 1C                        	ADD	ESP,28
   271 00000231 8B 45 EC                        	MOV	EAX,DWORD [-20+EBP]
   272 00000234 89 45 10                        	MOV	DWORD [16+EBP],EAX
   273 00000237 8D 65 F4                        	LEA	ESP,DWORD [-12+EBP]
   274 0000023A 5B                              	POP	EBX
   275 0000023B 5E                              	POP	ESI
   276 0000023C 5F                              	POP	EDI
   277 0000023D 5D                              	POP	EBP
   278 0000023E E9 FFFFFE44                     	JMP	_make_title8
   279 00000243                                 	GLOBAL	_make_text8
   280 00000243                                 _make_text8:
   281 00000243 55                              	PUSH	EBP
   282 00000244 89 E5                           	MOV	EBP,ESP
   283 00000246 57                              	PUSH	EDI
   284 00000247 56                              	PUSH	ESI
   285 00000248 53                              	PUSH	EBX
   286 00000249 83 EC 14                        	SUB	ESP,20
   287 0000024C 8B 45 0C                        	MOV	EAX,DWORD [12+EBP]
   288 0000024F 8B 75 10                        	MOV	ESI,DWORD [16+EBP]
   289 00000252 03 45 14                        	ADD	EAX,DWORD [20+EBP]
   290 00000255 83 EE 03                        	SUB	ESI,3
   291 00000258 56                              	PUSH	ESI
   292 00000259 89 45 F0                        	MOV	DWORD [-16+EBP],EAX
   293 0000025C 8B 45 10                        	MOV	EAX,DWORD [16+EBP]
   294 0000025F 03 45 18                        	ADD	EAX,DWORD [24+EBP]
   295 00000262 89 45 EC                        	MOV	DWORD [-20+EBP],EAX
   296 00000265 8B 45 F0                        	MOV	EAX,DWORD [-16+EBP]
   297 00000268 40                              	INC	EAX
   298 00000269 50                              	PUSH	EAX
   299 0000026A 89 45 E8                        	MOV	DWORD [-24+EBP],EAX
   300 0000026D 8B 45 0C                        	MOV	EAX,DWORD [12+EBP]
   301 00000270 56                              	PUSH	ESI
   302 00000271 83 E8 02                        	SUB	EAX,2
   303 00000274 50                              	PUSH	EAX
   304 00000275 89 45 E4                        	MOV	DWORD [-28+EBP],EAX
   305 00000278 8B 45 08                        	MOV	EAX,DWORD [8+EBP]
   306 0000027B 6A 0F                           	PUSH	15
   307 0000027D FF 70 04                        	PUSH	DWORD [4+EAX]
   308 00000280 FF 30                           	PUSH	DWORD [EAX]
   309 00000282 E8 [00000000]                   	CALL	_fill_box8
   310 00000287 8B 7D 0C                        	MOV	EDI,DWORD [12+EBP]
   311 0000028A 8B 45 EC                        	MOV	EAX,DWORD [-20+EBP]
   312 0000028D 83 EF 03                        	SUB	EDI,3
   313 00000290 40                              	INC	EAX
   314 00000291 50                              	PUSH	EAX
   315 00000292 89 45 E0                        	MOV	DWORD [-32+EBP],EAX
   316 00000295 57                              	PUSH	EDI
   317 00000296 8B 45 08                        	MOV	EAX,DWORD [8+EBP]
   318 00000299 56                              	PUSH	ESI
   319 0000029A 57                              	PUSH	EDI
   320 0000029B 6A 0F                           	PUSH	15
   321 0000029D FF 70 04                        	PUSH	DWORD [4+EAX]
   322 000002A0 FF 30                           	PUSH	DWORD [EAX]
   323 000002A2 E8 [00000000]                   	CALL	_fill_box8
   324 000002A7 8B 45 08                        	MOV	EAX,DWORD [8+EBP]
   325 000002AA 83 C4 38                        	ADD	ESP,56
   326 000002AD 8B 5D EC                        	MOV	EBX,DWORD [-20+EBP]
   327 000002B0 83 C3 02                        	ADD	EBX,2
   328 000002B3 53                              	PUSH	EBX
   329 000002B4 FF 75 E8                        	PUSH	DWORD [-24+EBP]
   330 000002B7 53                              	PUSH	EBX
   331 000002B8 57                              	PUSH	EDI
   332 000002B9 6A 07                           	PUSH	7
   333 000002BB FF 70 04                        	PUSH	DWORD [4+EAX]
   334 000002BE FF 30                           	PUSH	DWORD [EAX]
   335 000002C0 E8 [00000000]                   	CALL	_fill_box8
   336 000002C5 8B 45 F0                        	MOV	EAX,DWORD [-16+EBP]
   337 000002C8 53                              	PUSH	EBX
   338 000002C9 83 C0 02                        	ADD	EAX,2
   339 000002CC 50                              	PUSH	EAX
   340 000002CD 56                              	PUSH	ESI
   341 000002CE 50                              	PUSH	EAX
   342 000002CF 8B 45 08                        	MOV	EAX,DWORD [8+EBP]
   343 000002D2 6A 07                           	PUSH	7
   344 000002D4 FF 70 04                        	PUSH	DWORD [4+EAX]
   345 000002D7 FF 30                           	PUSH	DWORD [EAX]
   346 000002D9 E8 [00000000]                   	CALL	_fill_box8
   347 000002DE 8B 45 08                        	MOV	EAX,DWORD [8+EBP]
   348 000002E1 83 C4 38                        	ADD	ESP,56
   349 000002E4 8B 5D 10                        	MOV	EBX,DWORD [16+EBP]
   350 000002E7 83 EB 02                        	SUB	EBX,2
   351 000002EA 8B 7D 0C                        	MOV	EDI,DWORD [12+EBP]
   352 000002ED 53                              	PUSH	EBX
   353 000002EE 4F                              	DEC	EDI
   354 000002EF FF 75 F0                        	PUSH	DWORD [-16+EBP]
   355 000002F2 53                              	PUSH	EBX
   356 000002F3 57                              	PUSH	EDI
   357 000002F4 6A 00                           	PUSH	0
   358 000002F6 FF 70 04                        	PUSH	DWORD [4+EAX]
   359 000002F9 FF 30                           	PUSH	DWORD [EAX]
   360 000002FB E8 [00000000]                   	CALL	_fill_box8
   361 00000300 8B 45 08                        	MOV	EAX,DWORD [8+EBP]
   362 00000303 FF 75 EC                        	PUSH	DWORD [-20+EBP]
   363 00000306 FF 75 E4                        	PUSH	DWORD [-28+EBP]
   364 00000309 53                              	PUSH	EBX
   365 0000030A FF 75 E4                        	PUSH	DWORD [-28+EBP]
   366 0000030D 6A 00                           	PUSH	0
   367 0000030F FF 70 04                        	PUSH	DWORD [4+EAX]
   368 00000312 FF 30                           	PUSH	DWORD [EAX]
   369 00000314 E8 [00000000]                   	CALL	_fill_box8
   370 00000319 8B 45 08                        	MOV	EAX,DWORD [8+EBP]
   371 0000031C 83 C4 38                        	ADD	ESP,56
   372 0000031F FF 75 E0                        	PUSH	DWORD [-32+EBP]
   373 00000322 FF 75 F0                        	PUSH	DWORD [-16+EBP]
   374 00000325 FF 75 E0                        	PUSH	DWORD [-32+EBP]
   375 00000328 FF 75 E4                        	PUSH	DWORD [-28+EBP]
   376 0000032B 6A 08                           	PUSH	8
   377 0000032D FF 70 04                        	PUSH	DWORD [4+EAX]
   378 00000330 FF 30                           	PUSH	DWORD [EAX]
   379 00000332 E8 [00000000]                   	CALL	_fill_box8
   380 00000337 8B 45 08                        	MOV	EAX,DWORD [8+EBP]
   381 0000033A FF 75 E0                        	PUSH	DWORD [-32+EBP]
   382 0000033D FF 75 E8                        	PUSH	DWORD [-24+EBP]
   383 00000340 53                              	PUSH	EBX
   384 00000341 FF 75 E8                        	PUSH	DWORD [-24+EBP]
   385 00000344 6A 08                           	PUSH	8
   386 00000346 FF 70 04                        	PUSH	DWORD [4+EAX]
   387 00000349 FF 30                           	PUSH	DWORD [EAX]
   388 0000034B E8 [00000000]                   	CALL	_fill_box8
   389 00000350 8B 45 10                        	MOV	EAX,DWORD [16+EBP]
   390 00000353 83 C4 38                        	ADD	ESP,56
   391 00000356 48                              	DEC	EAX
   392 00000357 FF 75 EC                        	PUSH	DWORD [-20+EBP]
   393 0000035A FF 75 F0                        	PUSH	DWORD [-16+EBP]
   394 0000035D 50                              	PUSH	EAX
   395 0000035E 57                              	PUSH	EDI
   396 0000035F 0F B6 45 1C                     	MOVZX	EAX,BYTE [28+EBP]
   397 00000363 50                              	PUSH	EAX
   398 00000364 8B 45 08                        	MOV	EAX,DWORD [8+EBP]
   399 00000367 FF 70 04                        	PUSH	DWORD [4+EAX]
   400 0000036A FF 30                           	PUSH	DWORD [EAX]
   401 0000036C E8 [00000000]                   	CALL	_fill_box8
   402 00000371 8D 65 F4                        	LEA	ESP,DWORD [-12+EBP]
   403 00000374 5B                              	POP	EBX
   404 00000375 5E                              	POP	ESI
   405 00000376 5F                              	POP	EDI
   406 00000377 5D                              	POP	EBP
   407 00000378 C3                              	RET
   408 00000379                                 	GLOBAL	_change_wtitle8
   409 00000379                                 _change_wtitle8:
   410 00000379 55                              	PUSH	EBP
   411 0000037A 89 E5                           	MOV	EBP,ESP
   412 0000037C 57                              	PUSH	EDI
   413 0000037D 56                              	PUSH	ESI
   414 0000037E 53                              	PUSH	EBX
   415 0000037F 83 EC 14                        	SUB	ESP,20
   416 00000382 8B 45 08                        	MOV	EAX,DWORD [8+EBP]
   417 00000385 80 7D 0C 00                     	CMP	BYTE [12+EBP],0
   418 00000389 8B 10                           	MOV	EDX,DWORD [EAX]
   419 0000038B 8B 48 04                        	MOV	ECX,DWORD [4+EAX]
   420 0000038E 89 55 E4                        	MOV	DWORD [-28+EBP],EDX
   421 00000391 0F 84 00000088                  	JE	L30
   422 00000397 C6 45 EB 07                     	MOV	BYTE [-21+EBP],7
   423 0000039B C6 45 EA 0C                     	MOV	BYTE [-22+EBP],12
   424 0000039F C6 45 E9 08                     	MOV	BYTE [-23+EBP],8
   425 000003A3 C6 45 E8 0F                     	MOV	BYTE [-24+EBP],15
   426 000003A7                                 L31:
   427 000003A7 6B F9 03                        	IMUL	EDI,ECX,3
   428 000003AA C7 45 EC 00000011               	MOV	DWORD [-20+EBP],17
   429 000003B1 89 7D E0                        	MOV	DWORD [-32+EBP],EDI
   430 000003B4                                 L44:
   431 000003B4 C7 45 F0 00000003               	MOV	DWORD [-16+EBP],3
   432 000003BB 8D 41 FC                        	LEA	EAX,DWORD [-4+ECX]
   433 000003BE 39 45 F0                        	CMP	DWORD [-16+EBP],EAX
   434 000003C1 7D 29                           	JGE	L48
   435 000003C3 8B 45 E4                        	MOV	EAX,DWORD [-28+EBP]
   436 000003C6 8B 55 E0                        	MOV	EDX,DWORD [-32+EBP]
   437 000003C9 8D 74 38 03                     	LEA	ESI,DWORD [3+EAX+EDI*1]
   438 000003CD 8D 5C 10 03                     	LEA	EBX,DWORD [3+EAX+EDX*1]
   439 000003D1                                 L43:
   440 000003D1 8A 13                           	MOV	DL,BYTE [EBX]
   441 000003D3 3A 55 E9                        	CMP	DL,BYTE [-23+EBP]
   442 000003D6 74 3A                           	JE	L49
   443 000003D8                                 L40:
   444 000003D8 3A 55 E8                        	CMP	DL,BYTE [-24+EBP]
   445 000003DB 74 30                           	JE	L50
   446 000003DD                                 L41:
   447 000003DD 88 16                           	MOV	BYTE [ESI],DL
   448 000003DF 8D 41 FC                        	LEA	EAX,DWORD [-4+ECX]
   449 000003E2 FF 45 F0                        	INC	DWORD [-16+EBP]
   450 000003E5 46                              	INC	ESI
   451 000003E6 43                              	INC	EBX
   452 000003E7 39 45 F0                        	CMP	DWORD [-16+EBP],EAX
   453 000003EA 7C E5                           	JL	L43
   454 000003EC                                 L48:
   455 000003EC 01 CF                           	ADD	EDI,ECX
   456 000003EE 01 4D E0                        	ADD	DWORD [-32+EBP],ECX
   457 000003F1 FF 4D EC                        	DEC	DWORD [-20+EBP]
   458 000003F4 79 BE                           	JNS	L44
   459 000003F6 6A 15                           	PUSH	21
   460 000003F8 51                              	PUSH	ECX
   461 000003F9 6A 03                           	PUSH	3
   462 000003FB 6A 03                           	PUSH	3
   463 000003FD FF 75 08                        	PUSH	DWORD [8+EBP]
   464 00000400 E8 [00000000]                   	CALL	_layers_refresh
   465 00000405 8D 65 F4                        	LEA	ESP,DWORD [-12+EBP]
   466 00000408 5B                              	POP	EBX
   467 00000409 5E                              	POP	ESI
   468 0000040A 5F                              	POP	EDI
   469 0000040B 5D                              	POP	EBP
   470 0000040C C3                              	RET
   471 0000040D                                 L50:
   472 0000040D 8A 55 EA                        	MOV	DL,BYTE [-22+EBP]
   473 00000410 EB CB                           	JMP	L41
   474 00000412                                 L49:
   475 00000412 8D 41 EA                        	LEA	EAX,DWORD [-22+ECX]
   476 00000415 39 45 F0                        	CMP	DWORD [-16+EBP],EAX
   477 00000418 7F BE                           	JG	L40
   478 0000041A 8A 55 EB                        	MOV	DL,BYTE [-21+EBP]
   479 0000041D EB BE                           	JMP	L41
   480 0000041F                                 L30:
   481 0000041F C6 45 EB 08                     	MOV	BYTE [-21+EBP],8
   482 00000423 C6 45 EA 0F                     	MOV	BYTE [-22+EBP],15
   483 00000427 C6 45 E9 07                     	MOV	BYTE [-23+EBP],7
   484 0000042B C6 45 E8 0C                     	MOV	BYTE [-24+EBP],12
   485 0000042F E9 FFFFFF73                     	JMP	L31
